---------------------------------------------------------------
[ 2017-10-23T20:41:33+08:00 ] ::1 ::1 GET /index/center/center
[ info ] www.weiyufei.com/index/center/center [运行时间：0.179010s][吞吐率：5.59req/s] [内存消耗：4,012.96kb] [文件加载：61]
[ info ] [ LANG ] D:\wei2017\wamp64\www\shop\thinkphp\lang\zh-cn.php
[ info ] [ ROUTE ] array (
  'type' => 'module',
  'module' => 
  array (
    0 => 'index',
    1 => 'center',
    2 => 'center',
  ),
)
[ info ] [ HEADER ] array (
  'host' => 'www.weiyufei.com',
  'connection' => 'keep-alive',
  'upgrade-insecure-requests' => '1',
  'user-agent' => 'Mozilla/5.0 (Windows NT 6.1; WOW64) AppleWebKit/537.36 (KHTML, like Gecko) Chrome/60.0.3112.90 Safari/537.36',
  'accept' => 'text/html,application/xhtml+xml,application/xml;q=0.9,image/webp,image/apng,*/*;q=0.8',
  'accept-encoding' => 'gzip, deflate',
  'accept-language' => 'zh-CN,zh;q=0.8',
  'cookie' => 'pgv_pvi=5727227904; PHPSESSID=tndlk12i70sd0mkri1fnldo4k4',
)
[ info ] [ PARAM ] array (
)
[ info ] [ DB ] INIT mysql
[ info ] [ RUN ] app\index\controller\Center->center[ D:\wei2017\wamp64\www\shop\app\index\controller\Center.php ]
[ info ] [ SESSION ] INIT array (
  'id' => '',
  'var_session_id' => '',
  'prefix' => 'think',
  'type' => '',
  'auto_start' => true,
)
[ info ] [ VIEW ] D:\wei2017\wamp64\www\shop\public/../app/index\view\center.html [ array (
  0 => 'coupon',
  1 => 'order',
  2 => 'express',
  3 => 'delivery',
) ]
[ info ] [ LOG ] INIT File
[ sql ] [ DB ] CONNECT:[ UseTime:0.011000s ] mysql:host=127.0.0.1;dbname=shop;charset=utf8
[ sql ] [ SQL ] SHOW COLUMNS FROM `shop_user` [ RunTime:0.002000s ]
[ sql ] [ SQL ] SELECT * FROM `shop_user` WHERE  `username` = '18397646259' LIMIT 1 [ RunTime:0.001000s ]
[ sql ] [ SQL ] SHOW COLUMNS FROM `shop_coupon` [ RunTime:0.001000s ]
[ sql ] [ SQL ] SELECT * FROM `shop_coupon` WHERE  `user_id` = 5 [ RunTime:0.001000s ]
[ sql ] [ SQL ] SELECT * FROM `shop_user` WHERE  `username` = '18397646259' LIMIT 1 [ RunTime:0.001000s ]
[ sql ] [ SQL ] SHOW COLUMNS FROM `shop_order` [ RunTime:0.002000s ]
[ sql ] [ SQL ] SELECT * FROM `shop_order` WHERE  `user_id` = 5  AND `is_pay` <> 1 [ RunTime:0.001000s ]
[ sql ] [ SQL ] SELECT * FROM `shop_user` WHERE  `username` = '18397646259' LIMIT 1 [ RunTime:0.000000s ]
[ sql ] [ SQL ] SELECT * FROM `shop_order` WHERE  `user_id` = 5  AND `is_express` < 2 [ RunTime:0.000000s ]
[ sql ] [ SQL ] SELECT * FROM `shop_user` WHERE  `username` = '18397646259' LIMIT 1 [ RunTime:0.001000s ]
[ sql ] [ SQL ] SELECT * FROM `shop_order` WHERE  `user_id` = 5  AND ( `is_express` < 4 AND `is_express` > 1 ) [ RunTime:0.000000s ]
[ sql ] [ SQL ] SELECT * FROM `shop_user` WHERE  `username` = '18397646259' LIMIT 1 [ RunTime:0.001001s ]
[ sql ] [ SQL ] SHOW COLUMNS FROM `shop_collection` [ RunTime:0.008000s ]
[ sql ] [ SQL ] SELECT * FROM `shop_collection` WHERE  `user_id` = 5 [ RunTime:0.002000s ]
---------------------------------------------------------------
[ 2017-10-23T20:41:34+08:00 ] ::1 ::1 GET /index/center/center
[ info ] www.weiyufei.com/index/center/center [运行时间：0.143008s][吞吐率：6.99req/s] [内存消耗：3,791.89kb] [文件加载：59]
[ info ] [ LANG ] D:\wei2017\wamp64\www\shop\thinkphp\lang\zh-cn.php
[ info ] [ ROUTE ] array (
  'type' => 'module',
  'module' => 
  array (
    0 => 'index',
    1 => 'center',
    2 => 'center',
  ),
)
[ info ] [ HEADER ] array (
  'host' => 'www.weiyufei.com',
  'connection' => 'keep-alive',
  'cache-control' => 'max-age=0',
  'upgrade-insecure-requests' => '1',
  'user-agent' => 'Mozilla/5.0 (Windows NT 6.1; WOW64) AppleWebKit/537.36 (KHTML, like Gecko) Chrome/60.0.3112.90 Safari/537.36',
  'accept' => 'text/html,application/xhtml+xml,application/xml;q=0.9,image/webp,image/apng,*/*;q=0.8',
  'accept-encoding' => 'gzip, deflate',
  'accept-language' => 'zh-CN,zh;q=0.8',
  'cookie' => 'pgv_pvi=5727227904; PHPSESSID=tndlk12i70sd0mkri1fnldo4k4',
)
[ info ] [ PARAM ] array (
)
[ info ] [ DB ] INIT mysql
[ info ] [ RUN ] app\index\controller\Center->center[ D:\wei2017\wamp64\www\shop\app\index\controller\Center.php ]
[ info ] [ SESSION ] INIT array (
  'id' => '',
  'var_session_id' => '',
  'prefix' => 'think',
  'type' => '',
  'auto_start' => true,
)
[ info ] [ VIEW ] D:\wei2017\wamp64\www\shop\public/../app/index\view\center.html [ array (
  0 => 'coupon',
  1 => 'order',
  2 => 'express',
  3 => 'delivery',
) ]
[ info ] [ LOG ] INIT File
[ sql ] [ DB ] CONNECT:[ UseTime:0.001000s ] mysql:host=127.0.0.1;dbname=shop;charset=utf8
[ sql ] [ SQL ] SHOW COLUMNS FROM `shop_user` [ RunTime:0.001000s ]
[ sql ] [ SQL ] SELECT * FROM `shop_user` WHERE  `username` = '18397646259' LIMIT 1 [ RunTime:0.001000s ]
[ sql ] [ SQL ] SHOW COLUMNS FROM `shop_coupon` [ RunTime:0.001000s ]
[ sql ] [ SQL ] SELECT * FROM `shop_coupon` WHERE  `user_id` = 5 [ RunTime:0.001000s ]
[ sql ] [ SQL ] SELECT * FROM `shop_user` WHERE  `username` = '18397646259' LIMIT 1 [ RunTime:0.000000s ]
[ sql ] [ SQL ] SHOW COLUMNS FROM `shop_order` [ RunTime:0.003000s ]
[ sql ] [ SQL ] SELECT * FROM `shop_order` WHERE  `user_id` = 5  AND `is_pay` <> 1 [ RunTime:0.000000s ]
[ sql ] [ SQL ] SELECT * FROM `shop_user` WHERE  `username` = '18397646259' LIMIT 1 [ RunTime:0.001000s ]
[ sql ] [ SQL ] SELECT * FROM `shop_order` WHERE  `user_id` = 5  AND `is_express` < 2 [ RunTime:0.000000s ]
[ sql ] [ SQL ] SELECT * FROM `shop_user` WHERE  `username` = '18397646259' LIMIT 1 [ RunTime:0.001000s ]
[ sql ] [ SQL ] SELECT * FROM `shop_order` WHERE  `user_id` = 5  AND ( `is_express` < 4 AND `is_express` > 1 ) [ RunTime:0.001000s ]
[ sql ] [ SQL ] SELECT * FROM `shop_user` WHERE  `username` = '18397646259' LIMIT 1 [ RunTime:0.002000s ]
[ sql ] [ SQL ] SHOW COLUMNS FROM `shop_collection` [ RunTime:0.018001s ]
[ sql ] [ SQL ] SELECT * FROM `shop_collection` WHERE  `user_id` = 5 [ RunTime:0.001000s ]
---------------------------------------------------------------
[ 2017-10-23T20:41:35+08:00 ] ::1 ::1 GET /index/center/center
[ info ] www.weiyufei.com/index/center/center [运行时间：0.139008s][吞吐率：7.19req/s] [内存消耗：3,791.89kb] [文件加载：59]
[ info ] [ LANG ] D:\wei2017\wamp64\www\shop\thinkphp\lang\zh-cn.php
[ info ] [ ROUTE ] array (
  'type' => 'module',
  'module' => 
  array (
    0 => 'index',
    1 => 'center',
    2 => 'center',
  ),
)
[ info ] [ HEADER ] array (
  'host' => 'www.weiyufei.com',
  'connection' => 'keep-alive',
  'cache-control' => 'max-age=0',
  'upgrade-insecure-requests' => '1',
  'user-agent' => 'Mozilla/5.0 (Windows NT 6.1; WOW64) AppleWebKit/537.36 (KHTML, like Gecko) Chrome/60.0.3112.90 Safari/537.36',
  'accept' => 'text/html,application/xhtml+xml,application/xml;q=0.9,image/webp,image/apng,*/*;q=0.8',
  'accept-encoding' => 'gzip, deflate',
  'accept-language' => 'zh-CN,zh;q=0.8',
  'cookie' => 'pgv_pvi=5727227904; PHPSESSID=tndlk12i70sd0mkri1fnldo4k4',
)
[ info ] [ PARAM ] array (
)
[ info ] [ DB ] INIT mysql
[ info ] [ RUN ] app\index\controller\Center->center[ D:\wei2017\wamp64\www\shop\app\index\controller\Center.php ]
[ info ] [ SESSION ] INIT array (
  'id' => '',
  'var_session_id' => '',
  'prefix' => 'think',
  'type' => '',
  'auto_start' => true,
)
[ info ] [ VIEW ] D:\wei2017\wamp64\www\shop\public/../app/index\view\center.html [ array (
  0 => 'coupon',
  1 => 'order',
  2 => 'express',
  3 => 'delivery',
) ]
[ info ] [ LOG ] INIT File
[ sql ] [ DB ] CONNECT:[ UseTime:0.010000s ] mysql:host=127.0.0.1;dbname=shop;charset=utf8
[ sql ] [ SQL ] SHOW COLUMNS FROM `shop_user` [ RunTime:0.001000s ]
[ sql ] [ SQL ] SELECT * FROM `shop_user` WHERE  `username` = '18397646259' LIMIT 1 [ RunTime:0.001000s ]
[ sql ] [ SQL ] SHOW COLUMNS FROM `shop_coupon` [ RunTime:0.001000s ]
[ sql ] [ SQL ] SELECT * FROM `shop_coupon` WHERE  `user_id` = 5 [ RunTime:0.001000s ]
[ sql ] [ SQL ] SELECT * FROM `shop_user` WHERE  `username` = '18397646259' LIMIT 1 [ RunTime:0.000000s ]
[ sql ] [ SQL ] SHOW COLUMNS FROM `shop_order` [ RunTime:0.002000s ]
[ sql ] [ SQL ] SELECT * FROM `shop_order` WHERE  `user_id` = 5  AND `is_pay` <> 1 [ RunTime:0.001000s ]
[ sql ] [ SQL ] SELECT * FROM `shop_user` WHERE  `username` = '18397646259' LIMIT 1 [ RunTime:0.001000s ]
[ sql ] [ SQL ] SELECT * FROM `shop_order` WHERE  `user_id` = 5  AND `is_express` < 2 [ RunTime:0.000000s ]
[ sql ] [ SQL ] SELECT * FROM `shop_user` WHERE  `username` = '18397646259' LIMIT 1 [ RunTime:0.000000s ]
[ sql ] [ SQL ] SELECT * FROM `shop_order` WHERE  `user_id` = 5  AND ( `is_express` < 4 AND `is_express` > 1 ) [ RunTime:0.001000s ]
[ sql ] [ SQL ] SELECT * FROM `shop_user` WHERE  `username` = '18397646259' LIMIT 1 [ RunTime:0.001000s ]
[ sql ] [ SQL ] SHOW COLUMNS FROM `shop_collection` [ RunTime:0.001000s ]
[ sql ] [ SQL ] SELECT * FROM `shop_collection` WHERE  `user_id` = 5 [ RunTime:0.000000s ]
---------------------------------------------------------------
[ 2017-10-23T20:41:35+08:00 ] ::1 ::1 GET /index/center/center
[ info ] www.weiyufei.com/index/center/center [运行时间：0.125007s][吞吐率：8.00req/s] [内存消耗：3,791.89kb] [文件加载：59]
[ info ] [ LANG ] D:\wei2017\wamp64\www\shop\thinkphp\lang\zh-cn.php
[ info ] [ ROUTE ] array (
  'type' => 'module',
  'module' => 
  array (
    0 => 'index',
    1 => 'center',
    2 => 'center',
  ),
)
[ info ] [ HEADER ] array (
  'host' => 'www.weiyufei.com',
  'connection' => 'keep-alive',
  'cache-control' => 'max-age=0',
  'upgrade-insecure-requests' => '1',
  'user-agent' => 'Mozilla/5.0 (Windows NT 6.1; WOW64) AppleWebKit/537.36 (KHTML, like Gecko) Chrome/60.0.3112.90 Safari/537.36',
  'accept' => 'text/html,application/xhtml+xml,application/xml;q=0.9,image/webp,image/apng,*/*;q=0.8',
  'accept-encoding' => 'gzip, deflate',
  'accept-language' => 'zh-CN,zh;q=0.8',
  'cookie' => 'pgv_pvi=5727227904; PHPSESSID=tndlk12i70sd0mkri1fnldo4k4',
)
[ info ] [ PARAM ] array (
)
[ info ] [ DB ] INIT mysql
[ info ] [ RUN ] app\index\controller\Center->center[ D:\wei2017\wamp64\www\shop\app\index\controller\Center.php ]
[ info ] [ SESSION ] INIT array (
  'id' => '',
  'var_session_id' => '',
  'prefix' => 'think',
  'type' => '',
  'auto_start' => true,
)
[ info ] [ VIEW ] D:\wei2017\wamp64\www\shop\public/../app/index\view\center.html [ array (
  0 => 'coupon',
  1 => 'order',
  2 => 'express',
  3 => 'delivery',
) ]
[ info ] [ LOG ] INIT File
[ sql ] [ DB ] CONNECT:[ UseTime:0.002000s ] mysql:host=127.0.0.1;dbname=shop;charset=utf8
[ sql ] [ SQL ] SHOW COLUMNS FROM `shop_user` [ RunTime:0.002000s ]
[ sql ] [ SQL ] SELECT * FROM `shop_user` WHERE  `username` = '18397646259' LIMIT 1 [ RunTime:0.001000s ]
[ sql ] [ SQL ] SHOW COLUMNS FROM `shop_coupon` [ RunTime:0.001000s ]
[ sql ] [ SQL ] SELECT * FROM `shop_coupon` WHERE  `user_id` = 5 [ RunTime:0.001000s ]
[ sql ] [ SQL ] SELECT * FROM `shop_user` WHERE  `username` = '18397646259' LIMIT 1 [ RunTime:0.001000s ]
[ sql ] [ SQL ] SHOW COLUMNS FROM `shop_order` [ RunTime:0.001000s ]
[ sql ] [ SQL ] SELECT * FROM `shop_order` WHERE  `user_id` = 5  AND `is_pay` <> 1 [ RunTime:0.001000s ]
[ sql ] [ SQL ] SELECT * FROM `shop_user` WHERE  `username` = '18397646259' LIMIT 1 [ RunTime:0.001000s ]
[ sql ] [ SQL ] SELECT * FROM `shop_order` WHERE  `user_id` = 5  AND `is_express` < 2 [ RunTime:0.001000s ]
[ sql ] [ SQL ] SELECT * FROM `shop_user` WHERE  `username` = '18397646259' LIMIT 1 [ RunTime:0.001000s ]
[ sql ] [ SQL ] SELECT * FROM `shop_order` WHERE  `user_id` = 5  AND ( `is_express` < 4 AND `is_express` > 1 ) [ RunTime:0.001000s ]
[ sql ] [ SQL ] SELECT * FROM `shop_user` WHERE  `username` = '18397646259' LIMIT 1 [ RunTime:0.001000s ]
[ sql ] [ SQL ] SHOW COLUMNS FROM `shop_collection` [ RunTime:0.001000s ]
[ sql ] [ SQL ] SELECT * FROM `shop_collection` WHERE  `user_id` = 5 [ RunTime:0.000000s ]
---------------------------------------------------------------
[ 2017-10-23T20:41:39+08:00 ] ::1 ::1 GET /index/center/center
[ info ] www.weiyufei.com/index/center/center [运行时间：0.098005s][吞吐率：10.20req/s] [内存消耗：3,791.50kb] [文件加载：59]
[ info ] [ LANG ] D:\wei2017\wamp64\www\shop\thinkphp\lang\zh-cn.php
[ info ] [ ROUTE ] array (
  'type' => 'module',
  'module' => 
  array (
    0 => 'index',
    1 => 'center',
    2 => 'center',
  ),
)
[ info ] [ HEADER ] array (
  'host' => 'www.weiyufei.com',
  'connection' => 'keep-alive',
  'upgrade-insecure-requests' => '1',
  'user-agent' => 'Mozilla/5.0 (Windows NT 6.1; WOW64) AppleWebKit/537.36 (KHTML, like Gecko) Chrome/60.0.3112.90 Safari/537.36',
  'accept' => 'text/html,application/xhtml+xml,application/xml;q=0.9,image/webp,image/apng,*/*;q=0.8',
  'accept-encoding' => 'gzip, deflate',
  'accept-language' => 'zh-CN,zh;q=0.8',
  'cookie' => 'pgv_pvi=5727227904; PHPSESSID=tndlk12i70sd0mkri1fnldo4k4',
)
[ info ] [ PARAM ] array (
)
[ info ] [ DB ] INIT mysql
[ info ] [ RUN ] app\index\controller\Center->center[ D:\wei2017\wamp64\www\shop\app\index\controller\Center.php ]
[ info ] [ SESSION ] INIT array (
  'id' => '',
  'var_session_id' => '',
  'prefix' => 'think',
  'type' => '',
  'auto_start' => true,
)
[ info ] [ VIEW ] D:\wei2017\wamp64\www\shop\public/../app/index\view\center.html [ array (
  0 => 'coupon',
  1 => 'order',
  2 => 'express',
  3 => 'delivery',
) ]
[ info ] [ LOG ] INIT File
[ sql ] [ DB ] CONNECT:[ UseTime:0.002001s ] mysql:host=127.0.0.1;dbname=shop;charset=utf8
[ sql ] [ SQL ] SHOW COLUMNS FROM `shop_user` [ RunTime:0.002000s ]
[ sql ] [ SQL ] SELECT * FROM `shop_user` WHERE  `username` = '18397646259' LIMIT 1 [ RunTime:0.001000s ]
[ sql ] [ SQL ] SHOW COLUMNS FROM `shop_coupon` [ RunTime:0.001000s ]
[ sql ] [ SQL ] SELECT * FROM `shop_coupon` WHERE  `user_id` = 5 [ RunTime:0.000000s ]
[ sql ] [ SQL ] SELECT * FROM `shop_user` WHERE  `username` = '18397646259' LIMIT 1 [ RunTime:0.001000s ]
[ sql ] [ SQL ] SHOW COLUMNS FROM `shop_order` [ RunTime:0.001000s ]
[ sql ] [ SQL ] SELECT * FROM `shop_order` WHERE  `user_id` = 5  AND `is_pay` <> 1 [ RunTime:0.001000s ]
[ sql ] [ SQL ] SELECT * FROM `shop_user` WHERE  `username` = '18397646259' LIMIT 1 [ RunTime:0.001000s ]
[ sql ] [ SQL ] SELECT * FROM `shop_order` WHERE  `user_id` = 5  AND `is_express` < 2 [ RunTime:0.000000s ]
[ sql ] [ SQL ] SELECT * FROM `shop_user` WHERE  `username` = '18397646259' LIMIT 1 [ RunTime:0.001000s ]
[ sql ] [ SQL ] SELECT * FROM `shop_order` WHERE  `user_id` = 5  AND ( `is_express` < 4 AND `is_express` > 1 ) [ RunTime:0.001000s ]
[ sql ] [ SQL ] SELECT * FROM `shop_user` WHERE  `username` = '18397646259' LIMIT 1 [ RunTime:0.001000s ]
[ sql ] [ SQL ] SHOW COLUMNS FROM `shop_collection` [ RunTime:0.001000s ]
[ sql ] [ SQL ] SELECT * FROM `shop_collection` WHERE  `user_id` = 5 [ RunTime:0.000000s ]
---------------------------------------------------------------
[ 2017-10-23T20:42:22+08:00 ] ::1 ::1 GET /index/center/center
[ info ] www.weiyufei.com/index/center/center [运行时间：2.038116s][吞吐率：0.49req/s] [内存消耗：3,775.03kb] [文件加载：62]
[ info ] [ LANG ] D:\wei2017\wamp64\www\shop\thinkphp\lang\zh-cn.php
[ info ] [ ROUTE ] array (
  'type' => 'module',
  'module' => 
  array (
    0 => 'index',
    1 => 'center',
    2 => 'center',
  ),
)
[ info ] [ HEADER ] array (
  'host' => 'www.weiyufei.com',
  'connection' => 'keep-alive',
  'cache-control' => 'max-age=0',
  'upgrade-insecure-requests' => '1',
  'user-agent' => 'Mozilla/5.0 (Windows NT 6.1; WOW64) AppleWebKit/537.36 (KHTML, like Gecko) Chrome/60.0.3112.90 Safari/537.36',
  'accept' => 'text/html,application/xhtml+xml,application/xml;q=0.9,image/webp,image/apng,*/*;q=0.8',
  'accept-encoding' => 'gzip, deflate',
  'accept-language' => 'zh-CN,zh;q=0.8',
)
[ info ] [ PARAM ] array (
)
[ info ] [ DB ] INIT mysql
[ info ] [ RUN ] app\index\controller\Center->center[ D:\wei2017\wamp64\www\shop\app\index\controller\Center.php ]
[ info ] [ SESSION ] INIT array (
  'id' => '',
  'var_session_id' => '',
  'prefix' => 'think',
  'type' => '',
  'auto_start' => true,
)
[ info ] [ LOG ] INIT File
[ sql ] [ DB ] CONNECT:[ UseTime:0.001001s ] mysql:host=127.0.0.1;dbname=shop;charset=utf8
[ sql ] [ SQL ] SHOW COLUMNS FROM `shop_user` [ RunTime:0.001000s ]
[ sql ] [ SQL ] SELECT * FROM `shop_user` WHERE  `username` IS NULL LIMIT 1 [ RunTime:0.681039s ]
[ error ] [8]Trying to get property of non-object[D:\wei2017\wamp64\www\shop\app\index\model\Coupon.php:15]
---------------------------------------------------------------
[ 2017-10-23T20:42:48+08:00 ] ::1 ::1 GET /
[ info ] www.weiyufei.com/ [运行时间：0.089005s][吞吐率：11.24req/s] [内存消耗：2,685.89kb] [文件加载：48]
[ info ] [ LANG ] D:\wei2017\wamp64\www\shop\thinkphp\lang\zh-cn.php
[ info ] [ ROUTE ] array (
  'type' => 'module',
  'module' => 
  array (
    0 => '',
    1 => NULL,
    2 => NULL,
  ),
)
[ info ] [ HEADER ] array (
  'host' => 'www.weiyufei.com',
  'connection' => 'keep-alive',
  'upgrade-insecure-requests' => '1',
  'user-agent' => 'Mozilla/5.0 (Windows NT 6.1; WOW64) AppleWebKit/537.36 (KHTML, like Gecko) Chrome/60.0.3112.90 Safari/537.36',
  'accept' => 'text/html,application/xhtml+xml,application/xml;q=0.9,image/webp,image/apng,*/*;q=0.8',
  'accept-encoding' => 'gzip, deflate',
  'accept-language' => 'zh-CN,zh;q=0.8',
  'cookie' => 'PHPSESSID=qsetlm2u4t9c03ulqe6deqo0f7',
)
[ info ] [ PARAM ] array (
)
[ info ] [ RUN ] app\index\controller\Index->index[ D:\wei2017\wamp64\www\shop\app\index\controller\Index.php ]
[ info ] [ VIEW ] D:\wei2017\wamp64\www\shop\public/../app/index\view\index.html [ array (
) ]
[ info ] [ LOG ] INIT File
---------------------------------------------------------------
[ 2017-10-23T20:43:04+08:00 ] ::1 ::1 GET /index/user/login
[ info ] www.weiyufei.com/index/user/login [运行时间：0.320018s][吞吐率：3.12req/s] [内存消耗：3,789.52kb] [文件加载：57]
[ info ] [ LANG ] D:\wei2017\wamp64\www\shop\thinkphp\lang\zh-cn.php
[ info ] [ ROUTE ] array (
  'type' => 'module',
  'module' => 
  array (
    0 => 'index',
    1 => 'user',
    2 => 'login',
  ),
)
[ info ] [ HEADER ] array (
  'host' => 'www.weiyufei.com',
  'connection' => 'keep-alive',
  'upgrade-insecure-requests' => '1',
  'user-agent' => 'Mozilla/5.0 (Windows NT 6.1; WOW64) AppleWebKit/537.36 (KHTML, like Gecko) Chrome/60.0.3112.90 Safari/537.36',
  'accept' => 'text/html,application/xhtml+xml,application/xml;q=0.9,image/webp,image/apng,*/*;q=0.8',
  'accept-encoding' => 'gzip, deflate',
  'accept-language' => 'zh-CN,zh;q=0.8',
  'cookie' => 'PHPSESSID=qsetlm2u4t9c03ulqe6deqo0f7',
)
[ info ] [ PARAM ] array (
)
[ info ] [ DB ] INIT mysql
[ info ] [ RUN ] app\index\controller\User->login[ D:\wei2017\wamp64\www\shop\app\index\controller\User.php ]
[ info ] [ VIEW ] D:\wei2017\wamp64\www\shop\public/../app/index\view\login.html [ array (
) ]
[ info ] [ LOG ] INIT File
---------------------------------------------------------------
[ 2017-10-23T20:43:17+08:00 ] ::1 ::1 POST /index/user/unremember.html
[ info ] www.weiyufei.com/index/user/unremember.html [运行时间：0.063003s][吞吐率：15.87req/s] [内存消耗：3,526.87kb] [文件加载：53]
[ info ] [ LANG ] D:\wei2017\wamp64\www\shop\thinkphp\lang\zh-cn.php
[ info ] [ ROUTE ] array (
  'type' => 'module',
  'module' => 
  array (
    0 => 'index',
    1 => 'user',
    2 => 'unremember',
  ),
)
[ info ] [ HEADER ] array (
  'host' => 'www.weiyufei.com',
  'connection' => 'keep-alive',
  'content-length' => '34',
  'accept' => '*/*',
  'origin' => 'http://www.weiyufei.com',
  'x-requested-with' => 'XMLHttpRequest',
  'user-agent' => 'Mozilla/5.0 (Windows NT 6.1; WOW64) AppleWebKit/537.36 (KHTML, like Gecko) Chrome/60.0.3112.90 Safari/537.36',
  'content-type' => 'application/x-www-form-urlencoded',
  'referer' => 'http://www.weiyufei.com/index/user/login',
  'accept-encoding' => 'gzip, deflate',
  'accept-language' => 'zh-CN,zh;q=0.8',
  'cookie' => 'PHPSESSID=qsetlm2u4t9c03ulqe6deqo0f7',
)
[ info ] [ PARAM ] array (
  'name' => '18397646259',
  'password' => 'weiyufei',
)
[ info ] [ DB ] INIT mysql
[ info ] [ RUN ] app\index\controller\User->unremember[ D:\wei2017\wamp64\www\shop\app\index\controller\User.php ]
[ info ] [ SESSION ] INIT array (
  'id' => '',
  'var_session_id' => '',
  'prefix' => 'think',
  'type' => '',
  'auto_start' => true,
)
[ info ] [ LOG ] INIT File
---------------------------------------------------------------
[ 2017-10-23T20:43:17+08:00 ] ::1 ::1 POST /index/user/dologin.html
[ info ] www.weiyufei.com/index/user/dologin.html [运行时间：0.092005s][吞吐率：10.87req/s] [内存消耗：3,648.54kb] [文件加载：55]
[ info ] [ LANG ] D:\wei2017\wamp64\www\shop\thinkphp\lang\zh-cn.php
[ info ] [ ROUTE ] array (
  'type' => 'module',
  'module' => 
  array (
    0 => 'index',
    1 => 'user',
    2 => 'dologin',
  ),
)
[ info ] [ HEADER ] array (
  'host' => 'www.weiyufei.com',
  'connection' => 'keep-alive',
  'content-length' => '34',
  'accept' => '*/*',
  'origin' => 'http://www.weiyufei.com',
  'x-requested-with' => 'XMLHttpRequest',
  'user-agent' => 'Mozilla/5.0 (Windows NT 6.1; WOW64) AppleWebKit/537.36 (KHTML, like Gecko) Chrome/60.0.3112.90 Safari/537.36',
  'content-type' => 'application/x-www-form-urlencoded',
  'referer' => 'http://www.weiyufei.com/index/user/login',
  'accept-encoding' => 'gzip, deflate',
  'accept-language' => 'zh-CN,zh;q=0.8',
  'cookie' => 'PHPSESSID=qsetlm2u4t9c03ulqe6deqo0f7',
)
[ info ] [ PARAM ] array (
  'name' => '18397646259',
  'password' => 'weiyufei',
)
[ info ] [ DB ] INIT mysql
[ info ] [ RUN ] app\index\controller\User->dologin[ D:\wei2017\wamp64\www\shop\app\index\controller\User.php ]
[ info ] [ SESSION ] INIT array (
  'id' => '',
  'var_session_id' => '',
  'prefix' => 'think',
  'type' => '',
  'auto_start' => true,
)
[ info ] [ LOG ] INIT File
[ sql ] [ DB ] CONNECT:[ UseTime:0.001000s ] mysql:host=127.0.0.1;dbname=shop;charset=utf8
[ sql ] [ SQL ] SHOW COLUMNS FROM `shop_user` [ RunTime:0.002000s ]
[ sql ] [ SQL ] SELECT * FROM `shop_user` WHERE  `username` = '18397646259' LIMIT 1 [ RunTime:0.001000s ]
---------------------------------------------------------------
[ 2017-10-23T20:43:17+08:00 ] ::1 ::1 GET /index/Index/index.html
[ info ] www.weiyufei.com/index/Index/index.html [运行时间：0.044002s][吞吐率：22.73req/s] [内存消耗：2,322.07kb] [文件加载：46]
[ info ] [ LANG ] D:\wei2017\wamp64\www\shop\thinkphp\lang\zh-cn.php
[ info ] [ ROUTE ] array (
  'type' => 'module',
  'module' => 
  array (
    0 => 'index',
    1 => 'Index',
    2 => 'index',
  ),
)
[ info ] [ HEADER ] array (
  'host' => 'www.weiyufei.com',
  'connection' => 'keep-alive',
  'upgrade-insecure-requests' => '1',
  'user-agent' => 'Mozilla/5.0 (Windows NT 6.1; WOW64) AppleWebKit/537.36 (KHTML, like Gecko) Chrome/60.0.3112.90 Safari/537.36',
  'accept' => 'text/html,application/xhtml+xml,application/xml;q=0.9,image/webp,image/apng,*/*;q=0.8',
  'referer' => 'http://www.weiyufei.com/index/user/login',
  'accept-encoding' => 'gzip, deflate',
  'accept-language' => 'zh-CN,zh;q=0.8',
  'cookie' => 'PHPSESSID=qsetlm2u4t9c03ulqe6deqo0f7',
)
[ info ] [ PARAM ] array (
)
[ info ] [ RUN ] app\index\controller\Index->index[ D:\wei2017\wamp64\www\shop\app\index\controller\Index.php ]
[ info ] [ VIEW ] D:\wei2017\wamp64\www\shop\public/../app/index\view\index.html [ array (
) ]
[ info ] [ LOG ] INIT File
---------------------------------------------------------------
[ 2017-10-23T20:43:24+08:00 ] ::1 ::1 GET /index/Index/index/user/center.html
[ info ] www.weiyufei.com/index/Index/index/user/center.html [运行时间：0.041002s][吞吐率：24.39req/s] [内存消耗：2,322.85kb] [文件加载：46]
[ info ] [ LANG ] D:\wei2017\wamp64\www\shop\thinkphp\lang\zh-cn.php
[ info ] [ ROUTE ] array (
  'type' => 'module',
  'module' => 
  array (
    0 => 'index',
    1 => 'Index',
    2 => 'index',
  ),
)
[ info ] [ HEADER ] array (
  'host' => 'www.weiyufei.com',
  'connection' => 'keep-alive',
  'upgrade-insecure-requests' => '1',
  'user-agent' => 'Mozilla/5.0 (Windows NT 6.1; WOW64) AppleWebKit/537.36 (KHTML, like Gecko) Chrome/60.0.3112.90 Safari/537.36',
  'accept' => 'text/html,application/xhtml+xml,application/xml;q=0.9,image/webp,image/apng,*/*;q=0.8',
  'referer' => 'http://www.weiyufei.com/index/Index/index.html',
  'accept-encoding' => 'gzip, deflate',
  'accept-language' => 'zh-CN,zh;q=0.8',
  'cookie' => 'PHPSESSID=qsetlm2u4t9c03ulqe6deqo0f7',
)
[ info ] [ PARAM ] array (
  'user' => 'center',
)
[ info ] [ RUN ] app\index\controller\Index->index[ D:\wei2017\wamp64\www\shop\app\index\controller\Index.php ]
[ info ] [ VIEW ] D:\wei2017\wamp64\www\shop\public/../app/index\view\index.html [ array (
) ]
[ info ] [ LOG ] INIT File
---------------------------------------------------------------
[ 2017-10-23T20:43:54+08:00 ] ::1 ::1 GET /index/user/center
[ info ] www.weiyufei.com/index/user/center [运行时间：0.057003s][吞吐率：17.54req/s] [内存消耗：3,572.48kb] [文件加载：56]
[ info ] [ LANG ] D:\wei2017\wamp64\www\shop\thinkphp\lang\zh-cn.php
[ info ] [ ROUTE ] array (
  'type' => 'module',
  'module' => 
  array (
    0 => 'index',
    1 => 'user',
    2 => 'center',
  ),
)
[ info ] [ HEADER ] array (
  'host' => 'www.weiyufei.com',
  'connection' => 'keep-alive',
  'upgrade-insecure-requests' => '1',
  'user-agent' => 'Mozilla/5.0 (Windows NT 6.1; WOW64) AppleWebKit/537.36 (KHTML, like Gecko) Chrome/60.0.3112.90 Safari/537.36',
  'accept' => 'text/html,application/xhtml+xml,application/xml;q=0.9,image/webp,image/apng,*/*;q=0.8',
  'accept-encoding' => 'gzip, deflate',
  'accept-language' => 'zh-CN,zh;q=0.8',
  'cookie' => 'PHPSESSID=qsetlm2u4t9c03ulqe6deqo0f7',
)
[ info ] [ PARAM ] array (
)
[ info ] [ DB ] INIT mysql
[ info ] [ LOG ] INIT File
---------------------------------------------------------------
[ 2017-10-23T20:45:00+08:00 ] ::1 ::1 GET /index/center/center
[ info ] www.weiyufei.com/index/center/center [运行时间：0.092005s][吞吐率：10.87req/s] [内存消耗：3,791.38kb] [文件加载：59]
[ info ] [ LANG ] D:\wei2017\wamp64\www\shop\thinkphp\lang\zh-cn.php
[ info ] [ ROUTE ] array (
  'type' => 'module',
  'module' => 
  array (
    0 => 'index',
    1 => 'center',
    2 => 'center',
  ),
)
[ info ] [ HEADER ] array (
  'host' => 'www.weiyufei.com',
  'connection' => 'keep-alive',
  'upgrade-insecure-requests' => '1',
  'user-agent' => 'Mozilla/5.0 (Windows NT 6.1; WOW64) AppleWebKit/537.36 (KHTML, like Gecko) Chrome/60.0.3112.90 Safari/537.36',
  'accept' => 'text/html,application/xhtml+xml,application/xml;q=0.9,image/webp,image/apng,*/*;q=0.8',
  'accept-encoding' => 'gzip, deflate',
  'accept-language' => 'zh-CN,zh;q=0.8',
  'cookie' => 'PHPSESSID=qsetlm2u4t9c03ulqe6deqo0f7',
)
[ info ] [ PARAM ] array (
)
[ info ] [ DB ] INIT mysql
[ info ] [ RUN ] app\index\controller\Center->center[ D:\wei2017\wamp64\www\shop\app\index\controller\Center.php ]
[ info ] [ SESSION ] INIT array (
  'id' => '',
  'var_session_id' => '',
  'prefix' => 'think',
  'type' => '',
  'auto_start' => true,
)
[ info ] [ VIEW ] D:\wei2017\wamp64\www\shop\public/../app/index\view\center.html [ array (
  0 => 'coupon',
  1 => 'order',
  2 => 'express',
  3 => 'delivery',
) ]
[ info ] [ LOG ] INIT File
[ sql ] [ DB ] CONNECT:[ UseTime:0.001001s ] mysql:host=127.0.0.1;dbname=shop;charset=utf8
[ sql ] [ SQL ] SHOW COLUMNS FROM `shop_user` [ RunTime:0.003000s ]
[ sql ] [ SQL ] SELECT * FROM `shop_user` WHERE  `username` = '18397646259' LIMIT 1 [ RunTime:0.001000s ]
[ sql ] [ SQL ] SHOW COLUMNS FROM `shop_coupon` [ RunTime:0.002000s ]
[ sql ] [ SQL ] SELECT * FROM `shop_coupon` WHERE  `user_id` = 5 [ RunTime:0.001000s ]
[ sql ] [ SQL ] SELECT * FROM `shop_user` WHERE  `username` = '18397646259' LIMIT 1 [ RunTime:0.001000s ]
[ sql ] [ SQL ] SHOW COLUMNS FROM `shop_order` [ RunTime:0.002000s ]
[ sql ] [ SQL ] SELECT * FROM `shop_order` WHERE  `user_id` = 5  AND `is_pay` <> 1 [ RunTime:0.001000s ]
[ sql ] [ SQL ] SELECT * FROM `shop_user` WHERE  `username` = '18397646259' LIMIT 1 [ RunTime:0.001000s ]
[ sql ] [ SQL ] SELECT * FROM `shop_order` WHERE  `user_id` = 5  AND `is_express` < 2 [ RunTime:0.000000s ]
[ sql ] [ SQL ] SELECT * FROM `shop_user` WHERE  `username` = '18397646259' LIMIT 1 [ RunTime:0.001000s ]
[ sql ] [ SQL ] SELECT * FROM `shop_order` WHERE  `user_id` = 5  AND ( `is_express` < 4 AND `is_express` > 1 ) [ RunTime:0.001000s ]
[ sql ] [ SQL ] SELECT * FROM `shop_user` WHERE  `username` = '18397646259' LIMIT 1 [ RunTime:0.000000s ]
[ sql ] [ SQL ] SHOW COLUMNS FROM `shop_collection` [ RunTime:0.001000s ]
[ sql ] [ SQL ] SELECT * FROM `shop_collection` WHERE  `user_id` = 5 [ RunTime:0.001000s ]
---------------------------------------------------------------
[ 2017-10-23T20:45:34+08:00 ] ::1 ::1 GET /index/Information/message.html
[ info ] www.weiyufei.com/index/Information/message.html [运行时间：0.052003s][吞吐率：19.23req/s] [内存消耗：1,873.31kb] [文件加载：41]
[ info ] [ LANG ] D:\wei2017\wamp64\www\shop\thinkphp\lang\zh-cn.php
[ info ] [ ROUTE ] array (
  'type' => 'module',
  'module' => 
  array (
    0 => 'index',
    1 => 'Information',
    2 => 'message',
  ),
)
[ info ] [ HEADER ] array (
  'host' => 'www.weiyufei.com',
  'connection' => 'keep-alive',
  'cache-control' => 'max-age=0',
  'upgrade-insecure-requests' => '1',
  'user-agent' => 'Mozilla/5.0 (Windows NT 6.1; WOW64) AppleWebKit/537.36 (KHTML, like Gecko) Chrome/60.0.3112.90 Safari/537.36',
  'accept' => 'text/html,application/xhtml+xml,application/xml;q=0.9,image/webp,image/apng,*/*;q=0.8',
  'referer' => 'http://www.weiyufei.com/index/center/center',
  'accept-encoding' => 'gzip, deflate',
  'accept-language' => 'zh-CN,zh;q=0.8',
  'cookie' => 'PHPSESSID=qsetlm2u4t9c03ulqe6deqo0f7',
)
[ info ] [ PARAM ] array (
)
[ info ] [ LOG ] INIT File
[ error ] [0]语法解析错误: syntax error, unexpected '}', expecting end of file[D:\wei2017\wamp64\www\shop\app\index\controller\Information.php:24]
---------------------------------------------------------------
[ 2017-10-23T20:45:47+08:00 ] ::1 ::1 GET /index/Information/message.html
[ info ] www.weiyufei.com/index/Information/message.html [运行时间：0.076005s][吞吐率：13.16req/s] [内存消耗：1,871.84kb] [文件加载：43]
[ info ] [ LANG ] D:\wei2017\wamp64\www\shop\thinkphp\lang\zh-cn.php
[ info ] [ ROUTE ] array (
  'type' => 'module',
  'module' => 
  array (
    0 => 'index',
    1 => 'Information',
    2 => 'message',
  ),
)
[ info ] [ HEADER ] array (
  'host' => 'www.weiyufei.com',
  'connection' => 'keep-alive',
  'cache-control' => 'max-age=0',
  'upgrade-insecure-requests' => '1',
  'user-agent' => 'Mozilla/5.0 (Windows NT 6.1; WOW64) AppleWebKit/537.36 (KHTML, like Gecko) Chrome/60.0.3112.90 Safari/537.36',
  'accept' => 'text/html,application/xhtml+xml,application/xml;q=0.9,image/webp,image/apng,*/*;q=0.8',
  'referer' => 'http://www.weiyufei.com/index/center/center',
  'accept-encoding' => 'gzip, deflate',
  'accept-language' => 'zh-CN,zh;q=0.8',
  'cookie' => 'PHPSESSID=qsetlm2u4t9c03ulqe6deqo0f7',
)
[ info ] [ PARAM ] array (
)
[ info ] [ LOG ] INIT File
---------------------------------------------------------------
[ 2017-10-23T20:48:38+08:00 ] ::1 ::1 GET /index/Information/message.html
[ info ] www.weiyufei.com/index/Information/message.html [运行时间：0.055003s][吞吐率：18.18req/s] [内存消耗：2,289.05kb] [文件加载：48]
[ info ] [ LANG ] D:\wei2017\wamp64\www\shop\thinkphp\lang\zh-cn.php
[ info ] [ ROUTE ] array (
  'type' => 'module',
  'module' => 
  array (
    0 => 'index',
    1 => 'Information',
    2 => 'message',
  ),
)
[ info ] [ HEADER ] array (
  'host' => 'www.weiyufei.com',
  'connection' => 'keep-alive',
  'cache-control' => 'max-age=0',
  'upgrade-insecure-requests' => '1',
  'user-agent' => 'Mozilla/5.0 (Windows NT 6.1; WOW64) AppleWebKit/537.36 (KHTML, like Gecko) Chrome/60.0.3112.90 Safari/537.36',
  'accept' => 'text/html,application/xhtml+xml,application/xml;q=0.9,image/webp,image/apng,*/*;q=0.8',
  'referer' => 'http://www.weiyufei.com/index/center/center',
  'accept-encoding' => 'gzip, deflate',
  'accept-language' => 'zh-CN,zh;q=0.8',
  'cookie' => 'PHPSESSID=qsetlm2u4t9c03ulqe6deqo0f7',
)
[ info ] [ PARAM ] array (
)
[ info ] [ LOG ] INIT File
---------------------------------------------------------------
[ 2017-10-23T20:48:42+08:00 ] ::1 ::1 GET /index/center/center
[ info ] www.weiyufei.com/index/center/center [运行时间：0.091005s][吞吐率：10.99req/s] [内存消耗：3,791.38kb] [文件加载：59]
[ info ] [ LANG ] D:\wei2017\wamp64\www\shop\thinkphp\lang\zh-cn.php
[ info ] [ ROUTE ] array (
  'type' => 'module',
  'module' => 
  array (
    0 => 'index',
    1 => 'center',
    2 => 'center',
  ),
)
[ info ] [ HEADER ] array (
  'host' => 'www.weiyufei.com',
  'connection' => 'keep-alive',
  'upgrade-insecure-requests' => '1',
  'user-agent' => 'Mozilla/5.0 (Windows NT 6.1; WOW64) AppleWebKit/537.36 (KHTML, like Gecko) Chrome/60.0.3112.90 Safari/537.36',
  'accept' => 'text/html,application/xhtml+xml,application/xml;q=0.9,image/webp,image/apng,*/*;q=0.8',
  'accept-encoding' => 'gzip, deflate',
  'accept-language' => 'zh-CN,zh;q=0.8',
  'cookie' => 'PHPSESSID=qsetlm2u4t9c03ulqe6deqo0f7',
)
[ info ] [ PARAM ] array (
)
[ info ] [ DB ] INIT mysql
[ info ] [ RUN ] app\index\controller\Center->center[ D:\wei2017\wamp64\www\shop\app\index\controller\Center.php ]
[ info ] [ SESSION ] INIT array (
  'id' => '',
  'var_session_id' => '',
  'prefix' => 'think',
  'type' => '',
  'auto_start' => true,
)
[ info ] [ VIEW ] D:\wei2017\wamp64\www\shop\public/../app/index\view\center.html [ array (
  0 => 'coupon',
  1 => 'order',
  2 => 'express',
  3 => 'delivery',
) ]
[ info ] [ LOG ] INIT File
[ sql ] [ DB ] CONNECT:[ UseTime:0.001000s ] mysql:host=127.0.0.1;dbname=shop;charset=utf8
[ sql ] [ SQL ] SHOW COLUMNS FROM `shop_user` [ RunTime:0.002000s ]
[ sql ] [ SQL ] SELECT * FROM `shop_user` WHERE  `username` = '18397646259' LIMIT 1 [ RunTime:0.001000s ]
[ sql ] [ SQL ] SHOW COLUMNS FROM `shop_coupon` [ RunTime:0.001000s ]
[ sql ] [ SQL ] SELECT * FROM `shop_coupon` WHERE  `user_id` = 5 [ RunTime:0.001000s ]
[ sql ] [ SQL ] SELECT * FROM `shop_user` WHERE  `username` = '18397646259' LIMIT 1 [ RunTime:0.001000s ]
[ sql ] [ SQL ] SHOW COLUMNS FROM `shop_order` [ RunTime:0.001000s ]
[ sql ] [ SQL ] SELECT * FROM `shop_order` WHERE  `user_id` = 5  AND `is_pay` <> 1 [ RunTime:0.001001s ]
[ sql ] [ SQL ] SELECT * FROM `shop_user` WHERE  `username` = '18397646259' LIMIT 1 [ RunTime:0.001000s ]
[ sql ] [ SQL ] SELECT * FROM `shop_order` WHERE  `user_id` = 5  AND `is_express` < 2 [ RunTime:0.001000s ]
[ sql ] [ SQL ] SELECT * FROM `shop_user` WHERE  `username` = '18397646259' LIMIT 1 [ RunTime:0.001000s ]
[ sql ] [ SQL ] SELECT * FROM `shop_order` WHERE  `user_id` = 5  AND ( `is_express` < 4 AND `is_express` > 1 ) [ RunTime:0.001000s ]
[ sql ] [ SQL ] SELECT * FROM `shop_user` WHERE  `username` = '18397646259' LIMIT 1 [ RunTime:0.001000s ]
[ sql ] [ SQL ] SHOW COLUMNS FROM `shop_collection` [ RunTime:0.001000s ]
[ sql ] [ SQL ] SELECT * FROM `shop_collection` WHERE  `user_id` = 5 [ RunTime:0.000000s ]
---------------------------------------------------------------
[ 2017-10-23T20:48:42+08:00 ] ::1 ::1 GET /index/center/center
[ info ] www.weiyufei.com/index/center/center [运行时间：0.104006s][吞吐率：9.61req/s] [内存消耗：3,791.77kb] [文件加载：59]
[ info ] [ LANG ] D:\wei2017\wamp64\www\shop\thinkphp\lang\zh-cn.php
[ info ] [ ROUTE ] array (
  'type' => 'module',
  'module' => 
  array (
    0 => 'index',
    1 => 'center',
    2 => 'center',
  ),
)
[ info ] [ HEADER ] array (
  'host' => 'www.weiyufei.com',
  'connection' => 'keep-alive',
  'cache-control' => 'max-age=0',
  'upgrade-insecure-requests' => '1',
  'user-agent' => 'Mozilla/5.0 (Windows NT 6.1; WOW64) AppleWebKit/537.36 (KHTML, like Gecko) Chrome/60.0.3112.90 Safari/537.36',
  'accept' => 'text/html,application/xhtml+xml,application/xml;q=0.9,image/webp,image/apng,*/*;q=0.8',
  'accept-encoding' => 'gzip, deflate',
  'accept-language' => 'zh-CN,zh;q=0.8',
  'cookie' => 'PHPSESSID=qsetlm2u4t9c03ulqe6deqo0f7',
)
[ info ] [ PARAM ] array (
)
[ info ] [ DB ] INIT mysql
[ info ] [ RUN ] app\index\controller\Center->center[ D:\wei2017\wamp64\www\shop\app\index\controller\Center.php ]
[ info ] [ SESSION ] INIT array (
  'id' => '',
  'var_session_id' => '',
  'prefix' => 'think',
  'type' => '',
  'auto_start' => true,
)
[ info ] [ VIEW ] D:\wei2017\wamp64\www\shop\public/../app/index\view\center.html [ array (
  0 => 'coupon',
  1 => 'order',
  2 => 'express',
  3 => 'delivery',
) ]
[ info ] [ LOG ] INIT File
[ sql ] [ DB ] CONNECT:[ UseTime:0.010001s ] mysql:host=127.0.0.1;dbname=shop;charset=utf8
[ sql ] [ SQL ] SHOW COLUMNS FROM `shop_user` [ RunTime:0.001000s ]
[ sql ] [ SQL ] SELECT * FROM `shop_user` WHERE  `username` = '18397646259' LIMIT 1 [ RunTime:0.001000s ]
[ sql ] [ SQL ] SHOW COLUMNS FROM `shop_coupon` [ RunTime:0.002000s ]
[ sql ] [ SQL ] SELECT * FROM `shop_coupon` WHERE  `user_id` = 5 [ RunTime:0.001000s ]
[ sql ] [ SQL ] SELECT * FROM `shop_user` WHERE  `username` = '18397646259' LIMIT 1 [ RunTime:0.000000s ]
[ sql ] [ SQL ] SHOW COLUMNS FROM `shop_order` [ RunTime:0.001000s ]
[ sql ] [ SQL ] SELECT * FROM `shop_order` WHERE  `user_id` = 5  AND `is_pay` <> 1 [ RunTime:0.001000s ]
[ sql ] [ SQL ] SELECT * FROM `shop_user` WHERE  `username` = '18397646259' LIMIT 1 [ RunTime:0.002000s ]
[ sql ] [ SQL ] SELECT * FROM `shop_order` WHERE  `user_id` = 5  AND `is_express` < 2 [ RunTime:0.001000s ]
[ sql ] [ SQL ] SELECT * FROM `shop_user` WHERE  `username` = '18397646259' LIMIT 1 [ RunTime:0.000000s ]
[ sql ] [ SQL ] SELECT * FROM `shop_order` WHERE  `user_id` = 5  AND ( `is_express` < 4 AND `is_express` > 1 ) [ RunTime:0.001000s ]
[ sql ] [ SQL ] SELECT * FROM `shop_user` WHERE  `username` = '18397646259' LIMIT 1 [ RunTime:0.001000s ]
[ sql ] [ SQL ] SHOW COLUMNS FROM `shop_collection` [ RunTime:0.001000s ]
[ sql ] [ SQL ] SELECT * FROM `shop_collection` WHERE  `user_id` = 5 [ RunTime:0.001000s ]
---------------------------------------------------------------
[ 2017-10-23T20:48:43+08:00 ] ::1 ::1 GET /index/Information/message.html
[ info ] www.weiyufei.com/index/Information/message.html [运行时间：0.053003s][吞吐率：18.87req/s] [内存消耗：2,288.97kb] [文件加载：48]
[ info ] [ LANG ] D:\wei2017\wamp64\www\shop\thinkphp\lang\zh-cn.php
[ info ] [ ROUTE ] array (
  'type' => 'module',
  'module' => 
  array (
    0 => 'index',
    1 => 'Information',
    2 => 'message',
  ),
)
[ info ] [ HEADER ] array (
  'host' => 'www.weiyufei.com',
  'connection' => 'keep-alive',
  'upgrade-insecure-requests' => '1',
  'user-agent' => 'Mozilla/5.0 (Windows NT 6.1; WOW64) AppleWebKit/537.36 (KHTML, like Gecko) Chrome/60.0.3112.90 Safari/537.36',
  'accept' => 'text/html,application/xhtml+xml,application/xml;q=0.9,image/webp,image/apng,*/*;q=0.8',
  'referer' => 'http://www.weiyufei.com/index/center/center',
  'accept-encoding' => 'gzip, deflate',
  'accept-language' => 'zh-CN,zh;q=0.8',
  'cookie' => 'PHPSESSID=qsetlm2u4t9c03ulqe6deqo0f7',
)
[ info ] [ PARAM ] array (
)
[ info ] [ LOG ] INIT File
---------------------------------------------------------------
[ 2017-10-23T20:49:43+08:00 ] ::1 ::1 GET /index/Information/message.html
[ info ] www.weiyufei.com/index/Information/message.html [运行时间：0.052003s][吞吐率：19.23req/s] [内存消耗：2,289.05kb] [文件加载：48]
[ info ] [ LANG ] D:\wei2017\wamp64\www\shop\thinkphp\lang\zh-cn.php
[ info ] [ ROUTE ] array (
  'type' => 'module',
  'module' => 
  array (
    0 => 'index',
    1 => 'Information',
    2 => 'message',
  ),
)
[ info ] [ HEADER ] array (
  'host' => 'www.weiyufei.com',
  'connection' => 'keep-alive',
  'cache-control' => 'max-age=0',
  'upgrade-insecure-requests' => '1',
  'user-agent' => 'Mozilla/5.0 (Windows NT 6.1; WOW64) AppleWebKit/537.36 (KHTML, like Gecko) Chrome/60.0.3112.90 Safari/537.36',
  'accept' => 'text/html,application/xhtml+xml,application/xml;q=0.9,image/webp,image/apng,*/*;q=0.8',
  'referer' => 'http://www.weiyufei.com/index/center/center',
  'accept-encoding' => 'gzip, deflate',
  'accept-language' => 'zh-CN,zh;q=0.8',
  'cookie' => 'PHPSESSID=qsetlm2u4t9c03ulqe6deqo0f7',
)
[ info ] [ PARAM ] array (
)
[ info ] [ LOG ] INIT File
---------------------------------------------------------------
[ 2017-10-23T20:49:45+08:00 ] ::1 ::1 GET /index/center/center
[ info ] www.weiyufei.com/index/center/center [运行时间：0.168009s][吞吐率：5.95req/s] [内存消耗：3,791.38kb] [文件加载：59]
[ info ] [ LANG ] D:\wei2017\wamp64\www\shop\thinkphp\lang\zh-cn.php
[ info ] [ ROUTE ] array (
  'type' => 'module',
  'module' => 
  array (
    0 => 'index',
    1 => 'center',
    2 => 'center',
  ),
)
[ info ] [ HEADER ] array (
  'host' => 'www.weiyufei.com',
  'connection' => 'keep-alive',
  'upgrade-insecure-requests' => '1',
  'user-agent' => 'Mozilla/5.0 (Windows NT 6.1; WOW64) AppleWebKit/537.36 (KHTML, like Gecko) Chrome/60.0.3112.90 Safari/537.36',
  'accept' => 'text/html,application/xhtml+xml,application/xml;q=0.9,image/webp,image/apng,*/*;q=0.8',
  'accept-encoding' => 'gzip, deflate',
  'accept-language' => 'zh-CN,zh;q=0.8',
  'cookie' => 'PHPSESSID=qsetlm2u4t9c03ulqe6deqo0f7',
)
[ info ] [ PARAM ] array (
)
[ info ] [ DB ] INIT mysql
[ info ] [ RUN ] app\index\controller\Center->center[ D:\wei2017\wamp64\www\shop\app\index\controller\Center.php ]
[ info ] [ SESSION ] INIT array (
  'id' => '',
  'var_session_id' => '',
  'prefix' => 'think',
  'type' => '',
  'auto_start' => true,
)
[ info ] [ VIEW ] D:\wei2017\wamp64\www\shop\public/../app/index\view\center.html [ array (
  0 => 'coupon',
  1 => 'order',
  2 => 'express',
  3 => 'delivery',
) ]
[ info ] [ LOG ] INIT File
[ sql ] [ DB ] CONNECT:[ UseTime:0.001000s ] mysql:host=127.0.0.1;dbname=shop;charset=utf8
[ sql ] [ SQL ] SHOW COLUMNS FROM `shop_user` [ RunTime:0.003000s ]
[ sql ] [ SQL ] SELECT * FROM `shop_user` WHERE  `username` = '18397646259' LIMIT 1 [ RunTime:0.002000s ]
[ sql ] [ SQL ] SHOW COLUMNS FROM `shop_coupon` [ RunTime:0.002000s ]
[ sql ] [ SQL ] SELECT * FROM `shop_coupon` WHERE  `user_id` = 5 [ RunTime:0.003000s ]
[ sql ] [ SQL ] SELECT * FROM `shop_user` WHERE  `username` = '18397646259' LIMIT 1 [ RunTime:0.000000s ]
[ sql ] [ SQL ] SHOW COLUMNS FROM `shop_order` [ RunTime:0.002001s ]
[ sql ] [ SQL ] SELECT * FROM `shop_order` WHERE  `user_id` = 5  AND `is_pay` <> 1 [ RunTime:0.005000s ]
[ sql ] [ SQL ] SELECT * FROM `shop_user` WHERE  `username` = '18397646259' LIMIT 1 [ RunTime:0.001000s ]
[ sql ] [ SQL ] SELECT * FROM `shop_order` WHERE  `user_id` = 5  AND `is_express` < 2 [ RunTime:0.002000s ]
[ sql ] [ SQL ] SELECT * FROM `shop_user` WHERE  `username` = '18397646259' LIMIT 1 [ RunTime:0.000000s ]
[ sql ] [ SQL ] SELECT * FROM `shop_order` WHERE  `user_id` = 5  AND ( `is_express` < 4 AND `is_express` > 1 ) [ RunTime:0.001000s ]
[ sql ] [ SQL ] SELECT * FROM `shop_user` WHERE  `username` = '18397646259' LIMIT 1 [ RunTime:0.001001s ]
[ sql ] [ SQL ] SHOW COLUMNS FROM `shop_collection` [ RunTime:0.005000s ]
[ sql ] [ SQL ] SELECT * FROM `shop_collection` WHERE  `user_id` = 5 [ RunTime:0.001000s ]
---------------------------------------------------------------
[ 2017-10-23T20:49:46+08:00 ] ::1 ::1 GET /index/center/center
[ info ] www.weiyufei.com/index/center/center [运行时间：0.120007s][吞吐率：8.33req/s] [内存消耗：3,791.77kb] [文件加载：59]
[ info ] [ LANG ] D:\wei2017\wamp64\www\shop\thinkphp\lang\zh-cn.php
[ info ] [ ROUTE ] array (
  'type' => 'module',
  'module' => 
  array (
    0 => 'index',
    1 => 'center',
    2 => 'center',
  ),
)
[ info ] [ HEADER ] array (
  'host' => 'www.weiyufei.com',
  'connection' => 'keep-alive',
  'cache-control' => 'max-age=0',
  'upgrade-insecure-requests' => '1',
  'user-agent' => 'Mozilla/5.0 (Windows NT 6.1; WOW64) AppleWebKit/537.36 (KHTML, like Gecko) Chrome/60.0.3112.90 Safari/537.36',
  'accept' => 'text/html,application/xhtml+xml,application/xml;q=0.9,image/webp,image/apng,*/*;q=0.8',
  'accept-encoding' => 'gzip, deflate',
  'accept-language' => 'zh-CN,zh;q=0.8',
  'cookie' => 'PHPSESSID=qsetlm2u4t9c03ulqe6deqo0f7',
)
[ info ] [ PARAM ] array (
)
[ info ] [ DB ] INIT mysql
[ info ] [ RUN ] app\index\controller\Center->center[ D:\wei2017\wamp64\www\shop\app\index\controller\Center.php ]
[ info ] [ SESSION ] INIT array (
  'id' => '',
  'var_session_id' => '',
  'prefix' => 'think',
  'type' => '',
  'auto_start' => true,
)
[ info ] [ VIEW ] D:\wei2017\wamp64\www\shop\public/../app/index\view\center.html [ array (
  0 => 'coupon',
  1 => 'order',
  2 => 'express',
  3 => 'delivery',
) ]
[ info ] [ LOG ] INIT File
[ sql ] [ DB ] CONNECT:[ UseTime:0.010001s ] mysql:host=127.0.0.1;dbname=shop;charset=utf8
[ sql ] [ SQL ] SHOW COLUMNS FROM `shop_user` [ RunTime:0.003000s ]
[ sql ] [ SQL ] SELECT * FROM `shop_user` WHERE  `username` = '18397646259' LIMIT 1 [ RunTime:0.001000s ]
[ sql ] [ SQL ] SHOW COLUMNS FROM `shop_coupon` [ RunTime:0.003000s ]
[ sql ] [ SQL ] SELECT * FROM `shop_coupon` WHERE  `user_id` = 5 [ RunTime:0.001000s ]
[ sql ] [ SQL ] SELECT * FROM `shop_user` WHERE  `username` = '18397646259' LIMIT 1 [ RunTime:0.001000s ]
[ sql ] [ SQL ] SHOW COLUMNS FROM `shop_order` [ RunTime:0.003000s ]
[ sql ] [ SQL ] SELECT * FROM `shop_order` WHERE  `user_id` = 5  AND `is_pay` <> 1 [ RunTime:0.001000s ]
[ sql ] [ SQL ] SELECT * FROM `shop_user` WHERE  `username` = '18397646259' LIMIT 1 [ RunTime:0.000000s ]
[ sql ] [ SQL ] SELECT * FROM `shop_order` WHERE  `user_id` = 5  AND `is_express` < 2 [ RunTime:0.001000s ]
[ sql ] [ SQL ] SELECT * FROM `shop_user` WHERE  `username` = '18397646259' LIMIT 1 [ RunTime:0.001000s ]
[ sql ] [ SQL ] SELECT * FROM `shop_order` WHERE  `user_id` = 5  AND ( `is_express` < 4 AND `is_express` > 1 ) [ RunTime:0.000000s ]
[ sql ] [ SQL ] SELECT * FROM `shop_user` WHERE  `username` = '18397646259' LIMIT 1 [ RunTime:0.000000s ]
[ sql ] [ SQL ] SHOW COLUMNS FROM `shop_collection` [ RunTime:0.002000s ]
[ sql ] [ SQL ] SELECT * FROM `shop_collection` WHERE  `user_id` = 5 [ RunTime:0.007001s ]
---------------------------------------------------------------
[ 2017-10-23T20:49:47+08:00 ] ::1 ::1 GET /index/Information/message.html
[ info ] www.weiyufei.com/index/Information/message.html [运行时间：0.063004s][吞吐率：15.87req/s] [内存消耗：2,288.98kb] [文件加载：48]
[ info ] [ LANG ] D:\wei2017\wamp64\www\shop\thinkphp\lang\zh-cn.php
[ info ] [ ROUTE ] array (
  'type' => 'module',
  'module' => 
  array (
    0 => 'index',
    1 => 'Information',
    2 => 'message',
  ),
)
[ info ] [ HEADER ] array (
  'host' => 'www.weiyufei.com',
  'connection' => 'keep-alive',
  'upgrade-insecure-requests' => '1',
  'user-agent' => 'Mozilla/5.0 (Windows NT 6.1; WOW64) AppleWebKit/537.36 (KHTML, like Gecko) Chrome/60.0.3112.90 Safari/537.36',
  'accept' => 'text/html,application/xhtml+xml,application/xml;q=0.9,image/webp,image/apng,*/*;q=0.8',
  'referer' => 'http://www.weiyufei.com/index/center/center',
  'accept-encoding' => 'gzip, deflate',
  'accept-language' => 'zh-CN,zh;q=0.8',
  'cookie' => 'PHPSESSID=qsetlm2u4t9c03ulqe6deqo0f7',
)
[ info ] [ PARAM ] array (
)
[ info ] [ LOG ] INIT File
---------------------------------------------------------------
[ 2017-10-23T20:50:06+08:00 ] ::1 ::1 GET /index/Information/message.html
[ info ] www.weiyufei.com/index/Information/message.html [运行时间：0.078005s][吞吐率：12.82req/s] [内存消耗：2,288.18kb] [文件加载：48]
[ info ] [ LANG ] D:\wei2017\wamp64\www\shop\thinkphp\lang\zh-cn.php
[ info ] [ ROUTE ] array (
  'type' => 'module',
  'module' => 
  array (
    0 => 'index',
    1 => 'Information',
    2 => 'message',
  ),
)
[ info ] [ HEADER ] array (
  'host' => 'www.weiyufei.com',
  'connection' => 'keep-alive',
  'cache-control' => 'max-age=0',
  'upgrade-insecure-requests' => '1',
  'user-agent' => 'Mozilla/5.0 (Windows NT 6.1; WOW64) AppleWebKit/537.36 (KHTML, like Gecko) Chrome/60.0.3112.90 Safari/537.36',
  'accept' => 'text/html,application/xhtml+xml,application/xml;q=0.9,image/webp,image/apng,*/*;q=0.8',
  'referer' => 'http://www.weiyufei.com/index/center/center',
  'accept-encoding' => 'gzip, deflate',
  'accept-language' => 'zh-CN,zh;q=0.8',
  'cookie' => 'PHPSESSID=qsetlm2u4t9c03ulqe6deqo0f7',
)
[ info ] [ PARAM ] array (
)
[ info ] [ RUN ] app\index\controller\Information->message[ D:\wei2017\wamp64\www\shop\app\index\controller\Information.php ]
[ info ] [ LOG ] INIT File
[ error ] [0]模板文件不存在:D:\wei2017\wamp64\www\shop\public/../app/index\view\message.html[D:\wei2017\wamp64\www\shop\thinkphp\library\think\view\driver\Think.php:80]
---------------------------------------------------------------
[ 2017-10-23T20:51:21+08:00 ] ::1 ::1 GET /index/center/center
[ info ] www.weiyufei.com/index/center/center [运行时间：0.122007s][吞吐率：8.20req/s] [内存消耗：4,012.81kb] [文件加载：61]
[ info ] [ LANG ] D:\wei2017\wamp64\www\shop\thinkphp\lang\zh-cn.php
[ info ] [ ROUTE ] array (
  'type' => 'module',
  'module' => 
  array (
    0 => 'index',
    1 => 'center',
    2 => 'center',
  ),
)
[ info ] [ HEADER ] array (
  'host' => 'www.weiyufei.com',
  'connection' => 'keep-alive',
  'upgrade-insecure-requests' => '1',
  'user-agent' => 'Mozilla/5.0 (Windows NT 6.1; WOW64) AppleWebKit/537.36 (KHTML, like Gecko) Chrome/60.0.3112.90 Safari/537.36',
  'accept' => 'text/html,application/xhtml+xml,application/xml;q=0.9,image/webp,image/apng,*/*;q=0.8',
  'accept-encoding' => 'gzip, deflate',
  'accept-language' => 'zh-CN,zh;q=0.8',
  'cookie' => 'PHPSESSID=qsetlm2u4t9c03ulqe6deqo0f7',
)
[ info ] [ PARAM ] array (
)
[ info ] [ DB ] INIT mysql
[ info ] [ RUN ] app\index\controller\Center->center[ D:\wei2017\wamp64\www\shop\app\index\controller\Center.php ]
[ info ] [ SESSION ] INIT array (
  'id' => '',
  'var_session_id' => '',
  'prefix' => 'think',
  'type' => '',
  'auto_start' => true,
)
[ info ] [ VIEW ] D:\wei2017\wamp64\www\shop\public/../app/index\view\center.html [ array (
  0 => 'coupon',
  1 => 'order',
  2 => 'express',
  3 => 'delivery',
) ]
[ info ] [ LOG ] INIT File
[ sql ] [ DB ] CONNECT:[ UseTime:0.011001s ] mysql:host=127.0.0.1;dbname=shop;charset=utf8
[ sql ] [ SQL ] SHOW COLUMNS FROM `shop_user` [ RunTime:0.004000s ]
[ sql ] [ SQL ] SELECT * FROM `shop_user` WHERE  `username` = '18397646259' LIMIT 1 [ RunTime:0.001000s ]
[ sql ] [ SQL ] SHOW COLUMNS FROM `shop_coupon` [ RunTime:0.005001s ]
[ sql ] [ SQL ] SELECT * FROM `shop_coupon` WHERE  `user_id` = 5 [ RunTime:0.001000s ]
[ sql ] [ SQL ] SELECT * FROM `shop_user` WHERE  `username` = '18397646259' LIMIT 1 [ RunTime:0.001000s ]
[ sql ] [ SQL ] SHOW COLUMNS FROM `shop_order` [ RunTime:0.002000s ]
[ sql ] [ SQL ] SELECT * FROM `shop_order` WHERE  `user_id` = 5  AND `is_pay` <> 1 [ RunTime:0.001000s ]
[ sql ] [ SQL ] SELECT * FROM `shop_user` WHERE  `username` = '18397646259' LIMIT 1 [ RunTime:0.001000s ]
[ sql ] [ SQL ] SELECT * FROM `shop_order` WHERE  `user_id` = 5  AND `is_express` < 2 [ RunTime:0.001000s ]
[ sql ] [ SQL ] SELECT * FROM `shop_user` WHERE  `username` = '18397646259' LIMIT 1 [ RunTime:0.001001s ]
[ sql ] [ SQL ] SELECT * FROM `shop_order` WHERE  `user_id` = 5  AND ( `is_express` < 4 AND `is_express` > 1 ) [ RunTime:0.000000s ]
[ sql ] [ SQL ] SELECT * FROM `shop_user` WHERE  `username` = '18397646259' LIMIT 1 [ RunTime:0.001000s ]
[ sql ] [ SQL ] SHOW COLUMNS FROM `shop_collection` [ RunTime:0.001000s ]
[ sql ] [ SQL ] SELECT * FROM `shop_collection` WHERE  `user_id` = 5 [ RunTime:0.001000s ]
---------------------------------------------------------------
[ 2017-10-23T20:51:22+08:00 ] ::1 ::1 GET /index/center/center
[ info ] www.weiyufei.com/index/center/center [运行时间：0.097006s][吞吐率：10.31req/s] [内存消耗：3,791.77kb] [文件加载：59]
[ info ] [ LANG ] D:\wei2017\wamp64\www\shop\thinkphp\lang\zh-cn.php
[ info ] [ ROUTE ] array (
  'type' => 'module',
  'module' => 
  array (
    0 => 'index',
    1 => 'center',
    2 => 'center',
  ),
)
[ info ] [ HEADER ] array (
  'host' => 'www.weiyufei.com',
  'connection' => 'keep-alive',
  'cache-control' => 'max-age=0',
  'upgrade-insecure-requests' => '1',
  'user-agent' => 'Mozilla/5.0 (Windows NT 6.1; WOW64) AppleWebKit/537.36 (KHTML, like Gecko) Chrome/60.0.3112.90 Safari/537.36',
  'accept' => 'text/html,application/xhtml+xml,application/xml;q=0.9,image/webp,image/apng,*/*;q=0.8',
  'accept-encoding' => 'gzip, deflate',
  'accept-language' => 'zh-CN,zh;q=0.8',
  'cookie' => 'PHPSESSID=qsetlm2u4t9c03ulqe6deqo0f7',
)
[ info ] [ PARAM ] array (
)
[ info ] [ DB ] INIT mysql
[ info ] [ RUN ] app\index\controller\Center->center[ D:\wei2017\wamp64\www\shop\app\index\controller\Center.php ]
[ info ] [ SESSION ] INIT array (
  'id' => '',
  'var_session_id' => '',
  'prefix' => 'think',
  'type' => '',
  'auto_start' => true,
)
[ info ] [ VIEW ] D:\wei2017\wamp64\www\shop\public/../app/index\view\center.html [ array (
  0 => 'coupon',
  1 => 'order',
  2 => 'express',
  3 => 'delivery',
) ]
[ info ] [ LOG ] INIT File
[ sql ] [ DB ] CONNECT:[ UseTime:0.010000s ] mysql:host=127.0.0.1;dbname=shop;charset=utf8
[ sql ] [ SQL ] SHOW COLUMNS FROM `shop_user` [ RunTime:0.002000s ]
[ sql ] [ SQL ] SELECT * FROM `shop_user` WHERE  `username` = '18397646259' LIMIT 1 [ RunTime:0.001000s ]
[ sql ] [ SQL ] SHOW COLUMNS FROM `shop_coupon` [ RunTime:0.001000s ]
[ sql ] [ SQL ] SELECT * FROM `shop_coupon` WHERE  `user_id` = 5 [ RunTime:0.001000s ]
[ sql ] [ SQL ] SELECT * FROM `shop_user` WHERE  `username` = '18397646259' LIMIT 1 [ RunTime:0.000000s ]
[ sql ] [ SQL ] SHOW COLUMNS FROM `shop_order` [ RunTime:0.001000s ]
[ sql ] [ SQL ] SELECT * FROM `shop_order` WHERE  `user_id` = 5  AND `is_pay` <> 1 [ RunTime:0.001000s ]
[ sql ] [ SQL ] SELECT * FROM `shop_user` WHERE  `username` = '18397646259' LIMIT 1 [ RunTime:0.000000s ]
[ sql ] [ SQL ] SELECT * FROM `shop_order` WHERE  `user_id` = 5  AND `is_express` < 2 [ RunTime:0.000000s ]
[ sql ] [ SQL ] SELECT * FROM `shop_user` WHERE  `username` = '18397646259' LIMIT 1 [ RunTime:0.001000s ]
[ sql ] [ SQL ] SELECT * FROM `shop_order` WHERE  `user_id` = 5  AND ( `is_express` < 4 AND `is_express` > 1 ) [ RunTime:0.002000s ]
[ sql ] [ SQL ] SELECT * FROM `shop_user` WHERE  `username` = '18397646259' LIMIT 1 [ RunTime:0.001000s ]
[ sql ] [ SQL ] SHOW COLUMNS FROM `shop_collection` [ RunTime:0.002000s ]
[ sql ] [ SQL ] SELECT * FROM `shop_collection` WHERE  `user_id` = 5 [ RunTime:0.001001s ]
---------------------------------------------------------------
[ 2017-10-23T20:51:23+08:00 ] ::1 ::1 GET /index/Information/information.html
[ info ] www.weiyufei.com/index/Information/information.html [运行时间：0.050003s][吞吐率：20.00req/s] [内存消耗：2,441.52kb] [文件加载：48]
[ info ] [ LANG ] D:\wei2017\wamp64\www\shop\thinkphp\lang\zh-cn.php
[ info ] [ ROUTE ] array (
  'type' => 'module',
  'module' => 
  array (
    0 => 'index',
    1 => 'Information',
    2 => 'information',
  ),
)
[ info ] [ HEADER ] array (
  'host' => 'www.weiyufei.com',
  'connection' => 'keep-alive',
  'upgrade-insecure-requests' => '1',
  'user-agent' => 'Mozilla/5.0 (Windows NT 6.1; WOW64) AppleWebKit/537.36 (KHTML, like Gecko) Chrome/60.0.3112.90 Safari/537.36',
  'accept' => 'text/html,application/xhtml+xml,application/xml;q=0.9,image/webp,image/apng,*/*;q=0.8',
  'referer' => 'http://www.weiyufei.com/index/center/center',
  'accept-encoding' => 'gzip, deflate',
  'accept-language' => 'zh-CN,zh;q=0.8',
  'cookie' => 'PHPSESSID=qsetlm2u4t9c03ulqe6deqo0f7',
)
[ info ] [ PARAM ] array (
)
[ info ] [ RUN ] app\index\controller\Information->information[ D:\wei2017\wamp64\www\shop\app\index\controller\Information.php ]
[ info ] [ VIEW ] D:\wei2017\wamp64\www\shop\public/../app/index\view\information.html [ array (
) ]
[ info ] [ SESSION ] INIT array (
  'id' => '',
  'var_session_id' => '',
  'prefix' => 'think',
  'type' => '',
  'auto_start' => true,
)
[ info ] [ LOG ] INIT File
---------------------------------------------------------------
[ 2017-10-23T20:52:05+08:00 ] ::1 ::1 GET /index/Information/safety.html
[ info ] www.weiyufei.com/index/Information/safety.html [运行时间：0.048003s][吞吐率：20.83req/s] [内存消耗：2,288.99kb] [文件加载：48]
[ info ] [ LANG ] D:\wei2017\wamp64\www\shop\thinkphp\lang\zh-cn.php
[ info ] [ ROUTE ] array (
  'type' => 'module',
  'module' => 
  array (
    0 => 'index',
    1 => 'Information',
    2 => 'safety',
  ),
)
[ info ] [ HEADER ] array (
  'host' => 'www.weiyufei.com',
  'connection' => 'keep-alive',
  'upgrade-insecure-requests' => '1',
  'user-agent' => 'Mozilla/5.0 (Windows NT 6.1; WOW64) AppleWebKit/537.36 (KHTML, like Gecko) Chrome/60.0.3112.90 Safari/537.36',
  'accept' => 'text/html,application/xhtml+xml,application/xml;q=0.9,image/webp,image/apng,*/*;q=0.8',
  'referer' => 'http://www.weiyufei.com/index/Information/information.html',
  'accept-encoding' => 'gzip, deflate',
  'accept-language' => 'zh-CN,zh;q=0.8',
  'cookie' => 'PHPSESSID=qsetlm2u4t9c03ulqe6deqo0f7',
)
[ info ] [ PARAM ] array (
)
[ info ] [ LOG ] INIT File
---------------------------------------------------------------
[ 2017-10-23T20:52:06+08:00 ] ::1 ::1 GET /index/Information/information.html
[ info ] www.weiyufei.com/index/Information/information.html [运行时间：0.041003s][吞吐率：24.39req/s] [内存消耗：2,244.09kb] [文件加载：46]
[ info ] [ LANG ] D:\wei2017\wamp64\www\shop\thinkphp\lang\zh-cn.php
[ info ] [ ROUTE ] array (
  'type' => 'module',
  'module' => 
  array (
    0 => 'index',
    1 => 'Information',
    2 => 'information',
  ),
)
[ info ] [ HEADER ] array (
  'host' => 'www.weiyufei.com',
  'connection' => 'keep-alive',
  'upgrade-insecure-requests' => '1',
  'user-agent' => 'Mozilla/5.0 (Windows NT 6.1; WOW64) AppleWebKit/537.36 (KHTML, like Gecko) Chrome/60.0.3112.90 Safari/537.36',
  'accept' => 'text/html,application/xhtml+xml,application/xml;q=0.9,image/webp,image/apng,*/*;q=0.8',
  'referer' => 'http://www.weiyufei.com/index/center/center',
  'accept-encoding' => 'gzip, deflate',
  'accept-language' => 'zh-CN,zh;q=0.8',
  'cookie' => 'PHPSESSID=qsetlm2u4t9c03ulqe6deqo0f7',
)
[ info ] [ PARAM ] array (
)
[ info ] [ RUN ] app\index\controller\Information->information[ D:\wei2017\wamp64\www\shop\app\index\controller\Information.php ]
[ info ] [ VIEW ] D:\wei2017\wamp64\www\shop\public/../app/index\view\information.html [ array (
) ]
[ info ] [ SESSION ] INIT array (
  'id' => '',
  'var_session_id' => '',
  'prefix' => 'think',
  'type' => '',
  'auto_start' => true,
)
[ info ] [ LOG ] INIT File
---------------------------------------------------------------
[ 2017-10-23T20:54:39+08:00 ] ::1 ::1 GET /index/Information/information.html
[ info ] www.weiyufei.com/index/Information/information.html [运行时间：0.060004s][吞吐率：16.67req/s] [内存消耗：2,294.23kb] [文件加载：48]
[ info ] [ LANG ] D:\wei2017\wamp64\www\shop\thinkphp\lang\zh-cn.php
[ info ] [ ROUTE ] array (
  'type' => 'module',
  'module' => 
  array (
    0 => 'index',
    1 => 'Information',
    2 => 'information',
  ),
)
[ info ] [ HEADER ] array (
  'host' => 'www.weiyufei.com',
  'connection' => 'keep-alive',
  'cache-control' => 'max-age=0',
  'upgrade-insecure-requests' => '1',
  'user-agent' => 'Mozilla/5.0 (Windows NT 6.1; WOW64) AppleWebKit/537.36 (KHTML, like Gecko) Chrome/60.0.3112.90 Safari/537.36',
  'accept' => 'text/html,application/xhtml+xml,application/xml;q=0.9,image/webp,image/apng,*/*;q=0.8',
  'referer' => 'http://www.weiyufei.com/index/center/center',
  'accept-encoding' => 'gzip, deflate',
  'accept-language' => 'zh-CN,zh;q=0.8',
  'cookie' => 'PHPSESSID=qsetlm2u4t9c03ulqe6deqo0f7',
)
[ info ] [ PARAM ] array (
)
[ info ] [ LOG ] INIT File
[ error ] [0]致命错误: Class 'app\index\controller\parents' not found[D:\wei2017\wamp64\www\shop\app\index\controller\Information.php:13]
---------------------------------------------------------------
[ 2017-10-23T20:56:31+08:00 ] ::1 ::1 GET /index/Information/information.html
[ info ] www.weiyufei.com/index/Information/information.html [运行时间：0.055003s][吞吐率：18.18req/s] [内存消耗：2,244.41kb] [文件加载：46]
[ info ] [ LANG ] D:\wei2017\wamp64\www\shop\thinkphp\lang\zh-cn.php
[ info ] [ ROUTE ] array (
  'type' => 'module',
  'module' => 
  array (
    0 => 'index',
    1 => 'Information',
    2 => 'information',
  ),
)
[ info ] [ HEADER ] array (
  'host' => 'www.weiyufei.com',
  'connection' => 'keep-alive',
  'cache-control' => 'max-age=0',
  'upgrade-insecure-requests' => '1',
  'user-agent' => 'Mozilla/5.0 (Windows NT 6.1; WOW64) AppleWebKit/537.36 (KHTML, like Gecko) Chrome/60.0.3112.90 Safari/537.36',
  'accept' => 'text/html,application/xhtml+xml,application/xml;q=0.9,image/webp,image/apng,*/*;q=0.8',
  'referer' => 'http://www.weiyufei.com/index/center/center',
  'accept-encoding' => 'gzip, deflate',
  'accept-language' => 'zh-CN,zh;q=0.8',
  'cookie' => 'PHPSESSID=qsetlm2u4t9c03ulqe6deqo0f7',
)
[ info ] [ PARAM ] array (
)
[ info ] [ RUN ] app\index\controller\Information->information[ D:\wei2017\wamp64\www\shop\app\index\controller\Information.php ]
[ info ] [ VIEW ] D:\wei2017\wamp64\www\shop\public/../app/index\view\information.html [ array (
) ]
[ info ] [ SESSION ] INIT array (
  'id' => '',
  'var_session_id' => '',
  'prefix' => 'think',
  'type' => '',
  'auto_start' => true,
)
[ info ] [ LOG ] INIT File
---------------------------------------------------------------
[ 2017-10-23T20:59:13+08:00 ] ::1 ::1 GET /index/Information/information.html
[ info ] www.weiyufei.com/index/Information/information.html [运行时间：0.062003s][吞吐率：16.13req/s] [内存消耗：3,511.84kb] [文件加载：54]
[ info ] [ LANG ] D:\wei2017\wamp64\www\shop\thinkphp\lang\zh-cn.php
[ info ] [ ROUTE ] array (
  'type' => 'module',
  'module' => 
  array (
    0 => 'index',
    1 => 'Information',
    2 => 'information',
  ),
)
[ info ] [ HEADER ] array (
  'host' => 'www.weiyufei.com',
  'connection' => 'keep-alive',
  'cache-control' => 'max-age=0',
  'upgrade-insecure-requests' => '1',
  'user-agent' => 'Mozilla/5.0 (Windows NT 6.1; WOW64) AppleWebKit/537.36 (KHTML, like Gecko) Chrome/60.0.3112.90 Safari/537.36',
  'accept' => 'text/html,application/xhtml+xml,application/xml;q=0.9,image/webp,image/apng,*/*;q=0.8',
  'referer' => 'http://www.weiyufei.com/index/center/center',
  'accept-encoding' => 'gzip, deflate',
  'accept-language' => 'zh-CN,zh;q=0.8',
  'cookie' => 'PHPSESSID=qsetlm2u4t9c03ulqe6deqo0f7',
)
[ info ] [ PARAM ] array (
)
[ info ] [ DB ] INIT mysql
[ info ] [ RUN ] app\index\controller\Information->information[ D:\wei2017\wamp64\www\shop\app\index\controller\Information.php ]
[ info ] [ VIEW ] D:\wei2017\wamp64\www\shop\public/../app/index\view\information.html [ array (
) ]
[ info ] [ SESSION ] INIT array (
  'id' => '',
  'var_session_id' => '',
  'prefix' => 'think',
  'type' => '',
  'auto_start' => true,
)
[ info ] [ LOG ] INIT File
---------------------------------------------------------------
[ 2017-10-23T21:01:47+08:00 ] ::1 ::1 GET /index/Information/information.html
[ info ] www.weiyufei.com/index/Information/information.html [运行时间：0.156009s][吞吐率：6.41req/s] [内存消耗：3,621.90kb] [文件加载：55]
[ info ] [ LANG ] D:\wei2017\wamp64\www\shop\thinkphp\lang\zh-cn.php
[ info ] [ ROUTE ] array (
  'type' => 'module',
  'module' => 
  array (
    0 => 'index',
    1 => 'Information',
    2 => 'information',
  ),
)
[ info ] [ HEADER ] array (
  'host' => 'www.weiyufei.com',
  'connection' => 'keep-alive',
  'cache-control' => 'max-age=0',
  'upgrade-insecure-requests' => '1',
  'user-agent' => 'Mozilla/5.0 (Windows NT 6.1; WOW64) AppleWebKit/537.36 (KHTML, like Gecko) Chrome/60.0.3112.90 Safari/537.36',
  'accept' => 'text/html,application/xhtml+xml,application/xml;q=0.9,image/webp,image/apng,*/*;q=0.8',
  'referer' => 'http://www.weiyufei.com/index/center/center',
  'accept-encoding' => 'gzip, deflate',
  'accept-language' => 'zh-CN,zh;q=0.8',
  'cookie' => 'PHPSESSID=qsetlm2u4t9c03ulqe6deqo0f7',
)
[ info ] [ PARAM ] array (
)
[ info ] [ DB ] INIT mysql
[ info ] [ RUN ] app\index\controller\Information->information[ D:\wei2017\wamp64\www\shop\app\index\controller\Information.php ]
[ info ] [ SESSION ] INIT array (
  'id' => '',
  'var_session_id' => '',
  'prefix' => 'think',
  'type' => '',
  'auto_start' => true,
)
[ info ] [ VIEW ] D:\wei2017\wamp64\www\shop\public/../app/index\view\information.html [ array (
) ]
[ info ] [ LOG ] INIT File
[ sql ] [ DB ] CONNECT:[ UseTime:0.011001s ] mysql:host=127.0.0.1;dbname=shop;charset=utf8
[ sql ] [ SQL ] SHOW COLUMNS FROM `shop_user` [ RunTime:0.001000s ]
[ sql ] [ SQL ] SELECT `gold` FROM `shop_user` WHERE  `username` = '18397646259' LIMIT 1 [ RunTime:0.001000s ]
---------------------------------------------------------------
[ 2017-10-23T21:07:05+08:00 ] ::1 ::1 GET /index/Information/information.html
[ info ] www.weiyufei.com/index/Information/information.html [运行时间：0.311018s][吞吐率：3.22req/s] [内存消耗：3,872.63kb] [文件加载：61]
[ info ] [ LANG ] D:\wei2017\wamp64\www\shop\thinkphp\lang\zh-cn.php
[ info ] [ ROUTE ] array (
  'type' => 'module',
  'module' => 
  array (
    0 => 'index',
    1 => 'Information',
    2 => 'information',
  ),
)
[ info ] [ HEADER ] array (
  'host' => 'www.weiyufei.com',
  'connection' => 'keep-alive',
  'cache-control' => 'max-age=0',
  'upgrade-insecure-requests' => '1',
  'user-agent' => 'Mozilla/5.0 (Windows NT 6.1; WOW64) AppleWebKit/537.36 (KHTML, like Gecko) Chrome/60.0.3112.90 Safari/537.36',
  'accept' => 'text/html,application/xhtml+xml,application/xml;q=0.9,image/webp,image/apng,*/*;q=0.8',
  'referer' => 'http://www.weiyufei.com/index/center/center',
  'accept-encoding' => 'gzip, deflate',
  'accept-language' => 'zh-CN,zh;q=0.8',
  'cookie' => 'PHPSESSID=qsetlm2u4t9c03ulqe6deqo0f7',
)
[ info ] [ PARAM ] array (
)
[ info ] [ DB ] INIT mysql
[ info ] [ RUN ] app\index\controller\Information->information[ D:\wei2017\wamp64\www\shop\app\index\controller\Information.php ]
[ info ] [ SESSION ] INIT array (
  'id' => '',
  'var_session_id' => '',
  'prefix' => 'think',
  'type' => '',
  'auto_start' => true,
)
[ info ] [ VIEW ] D:\wei2017\wamp64\www\shop\public/../app/index\view\information.html [ array (
  0 => 'gold',
) ]
[ info ] [ LOG ] INIT File
[ sql ] [ DB ] CONNECT:[ UseTime:0.010001s ] mysql:host=127.0.0.1;dbname=shop;charset=utf8
[ sql ] [ SQL ] SHOW COLUMNS FROM `shop_user` [ RunTime:0.001000s ]
[ sql ] [ SQL ] SELECT `gold` FROM `shop_user` WHERE  `username` = '18397646259' LIMIT 1 [ RunTime:0.001000s ]
[ error ] [8]未定义变量: res[D:\wei2017\wamp64\www\shop\runtime\temp\c1fa8da4eecae6f929d642aeb98ab635.php:114]
---------------------------------------------------------------
[ 2017-10-23T21:07:31+08:00 ] ::1 ::1 GET /index/Information/information.html
[ info ] www.weiyufei.com/index/Information/information.html [运行时间：0.081004s][吞吐率：12.35req/s] [内存消耗：3,820.28kb] [文件加载：57]
[ info ] [ LANG ] D:\wei2017\wamp64\www\shop\thinkphp\lang\zh-cn.php
[ info ] [ ROUTE ] array (
  'type' => 'module',
  'module' => 
  array (
    0 => 'index',
    1 => 'Information',
    2 => 'information',
  ),
)
[ info ] [ HEADER ] array (
  'host' => 'www.weiyufei.com',
  'connection' => 'keep-alive',
  'cache-control' => 'max-age=0',
  'upgrade-insecure-requests' => '1',
  'user-agent' => 'Mozilla/5.0 (Windows NT 6.1; WOW64) AppleWebKit/537.36 (KHTML, like Gecko) Chrome/60.0.3112.90 Safari/537.36',
  'accept' => 'text/html,application/xhtml+xml,application/xml;q=0.9,image/webp,image/apng,*/*;q=0.8',
  'referer' => 'http://www.weiyufei.com/index/center/center',
  'accept-encoding' => 'gzip, deflate',
  'accept-language' => 'zh-CN,zh;q=0.8',
  'cookie' => 'PHPSESSID=qsetlm2u4t9c03ulqe6deqo0f7',
)
[ info ] [ PARAM ] array (
)
[ info ] [ DB ] INIT mysql
[ info ] [ RUN ] app\index\controller\Information->information[ D:\wei2017\wamp64\www\shop\app\index\controller\Information.php ]
[ info ] [ SESSION ] INIT array (
  'id' => '',
  'var_session_id' => '',
  'prefix' => 'think',
  'type' => '',
  'auto_start' => true,
)
[ info ] [ VIEW ] D:\wei2017\wamp64\www\shop\public/../app/index\view\information.html [ array (
  0 => 'gold',
) ]
[ info ] [ LOG ] INIT File
[ sql ] [ DB ] CONNECT:[ UseTime:0.010000s ] mysql:host=127.0.0.1;dbname=shop;charset=utf8
[ sql ] [ SQL ] SHOW COLUMNS FROM `shop_user` [ RunTime:0.002001s ]
[ sql ] [ SQL ] SELECT `gold` FROM `shop_user` WHERE  `username` = '18397646259' LIMIT 1 [ RunTime:0.000000s ]
---------------------------------------------------------------
[ 2017-10-23T21:07:44+08:00 ] ::1 ::1 GET /index/Information/safety.html
[ info ] www.weiyufei.com/index/Information/safety.html [运行时间：0.064004s][吞吐率：15.62req/s] [内存消耗：3,559.80kb] [文件加载：56]
[ info ] [ LANG ] D:\wei2017\wamp64\www\shop\thinkphp\lang\zh-cn.php
[ info ] [ ROUTE ] array (
  'type' => 'module',
  'module' => 
  array (
    0 => 'index',
    1 => 'Information',
    2 => 'safety',
  ),
)
[ info ] [ HEADER ] array (
  'host' => 'www.weiyufei.com',
  'connection' => 'keep-alive',
  'upgrade-insecure-requests' => '1',
  'user-agent' => 'Mozilla/5.0 (Windows NT 6.1; WOW64) AppleWebKit/537.36 (KHTML, like Gecko) Chrome/60.0.3112.90 Safari/537.36',
  'accept' => 'text/html,application/xhtml+xml,application/xml;q=0.9,image/webp,image/apng,*/*;q=0.8',
  'referer' => 'http://www.weiyufei.com/index/Information/information.html',
  'accept-encoding' => 'gzip, deflate',
  'accept-language' => 'zh-CN,zh;q=0.8',
  'cookie' => 'PHPSESSID=qsetlm2u4t9c03ulqe6deqo0f7',
)
[ info ] [ PARAM ] array (
)
[ info ] [ DB ] INIT mysql
[ info ] [ LOG ] INIT File
---------------------------------------------------------------
[ 2017-10-23T21:07:46+08:00 ] ::1 ::1 GET /index/Information/information.html
[ info ] www.weiyufei.com/index/Information/information.html [运行时间：0.070004s][吞吐率：14.28req/s] [内存消耗：3,622.77kb] [文件加载：55]
[ info ] [ LANG ] D:\wei2017\wamp64\www\shop\thinkphp\lang\zh-cn.php
[ info ] [ ROUTE ] array (
  'type' => 'module',
  'module' => 
  array (
    0 => 'index',
    1 => 'Information',
    2 => 'information',
  ),
)
[ info ] [ HEADER ] array (
  'host' => 'www.weiyufei.com',
  'connection' => 'keep-alive',
  'upgrade-insecure-requests' => '1',
  'user-agent' => 'Mozilla/5.0 (Windows NT 6.1; WOW64) AppleWebKit/537.36 (KHTML, like Gecko) Chrome/60.0.3112.90 Safari/537.36',
  'accept' => 'text/html,application/xhtml+xml,application/xml;q=0.9,image/webp,image/apng,*/*;q=0.8',
  'referer' => 'http://www.weiyufei.com/index/center/center',
  'accept-encoding' => 'gzip, deflate',
  'accept-language' => 'zh-CN,zh;q=0.8',
  'cookie' => 'PHPSESSID=qsetlm2u4t9c03ulqe6deqo0f7',
)
[ info ] [ PARAM ] array (
)
[ info ] [ DB ] INIT mysql
[ info ] [ RUN ] app\index\controller\Information->information[ D:\wei2017\wamp64\www\shop\app\index\controller\Information.php ]
[ info ] [ SESSION ] INIT array (
  'id' => '',
  'var_session_id' => '',
  'prefix' => 'think',
  'type' => '',
  'auto_start' => true,
)
[ info ] [ VIEW ] D:\wei2017\wamp64\www\shop\public/../app/index\view\information.html [ array (
  0 => 'gold',
) ]
[ info ] [ LOG ] INIT File
[ sql ] [ DB ] CONNECT:[ UseTime:0.001000s ] mysql:host=127.0.0.1;dbname=shop;charset=utf8
[ sql ] [ SQL ] SHOW COLUMNS FROM `shop_user` [ RunTime:0.001000s ]
[ sql ] [ SQL ] SELECT `gold` FROM `shop_user` WHERE  `username` = '18397646259' LIMIT 1 [ RunTime:0.000000s ]
---------------------------------------------------------------
[ 2017-10-23T21:10:38+08:00 ] ::1 ::1 GET /index/Information/information.html
[ info ] www.weiyufei.com/index/Information/information.html [运行时间：0.080004s][吞吐率：12.50req/s] [内存消耗：3,634.19kb] [文件加载：55]
[ info ] [ LANG ] D:\wei2017\wamp64\www\shop\thinkphp\lang\zh-cn.php
[ info ] [ ROUTE ] array (
  'type' => 'module',
  'module' => 
  array (
    0 => 'index',
    1 => 'Information',
    2 => 'information',
  ),
)
[ info ] [ HEADER ] array (
  'host' => 'www.weiyufei.com',
  'connection' => 'keep-alive',
  'cache-control' => 'max-age=0',
  'upgrade-insecure-requests' => '1',
  'user-agent' => 'Mozilla/5.0 (Windows NT 6.1; WOW64) AppleWebKit/537.36 (KHTML, like Gecko) Chrome/60.0.3112.90 Safari/537.36',
  'accept' => 'text/html,application/xhtml+xml,application/xml;q=0.9,image/webp,image/apng,*/*;q=0.8',
  'referer' => 'http://www.weiyufei.com/index/center/center',
  'accept-encoding' => 'gzip, deflate',
  'accept-language' => 'zh-CN,zh;q=0.8',
  'cookie' => 'PHPSESSID=qsetlm2u4t9c03ulqe6deqo0f7',
)
[ info ] [ PARAM ] array (
)
[ info ] [ DB ] INIT mysql
[ info ] [ RUN ] app\index\controller\Information->information[ D:\wei2017\wamp64\www\shop\app\index\controller\Information.php ]
[ info ] [ SESSION ] INIT array (
  'id' => '',
  'var_session_id' => '',
  'prefix' => 'think',
  'type' => '',
  'auto_start' => true,
)
[ info ] [ VIEW ] D:\wei2017\wamp64\www\shop\public/../app/index\view\information.html [ array (
  0 => 'gold',
) ]
[ info ] [ LOG ] INIT File
[ sql ] [ DB ] CONNECT:[ UseTime:0.010001s ] mysql:host=127.0.0.1;dbname=shop;charset=utf8
[ sql ] [ SQL ] SHOW COLUMNS FROM `shop_user` [ RunTime:0.002000s ]
[ sql ] [ SQL ] SELECT * FROM `shop_user` WHERE  `username` = '18397646259' LIMIT 1 [ RunTime:0.001000s ]
---------------------------------------------------------------
[ 2017-10-23T21:11:01+08:00 ] ::1 ::1 GET /index/Information/information.html
[ info ] www.weiyufei.com/index/Information/information.html [运行时间：0.069004s][吞吐率：14.49req/s] [内存消耗：3,685.52kb] [文件加载：57]
[ info ] [ LANG ] D:\wei2017\wamp64\www\shop\thinkphp\lang\zh-cn.php
[ info ] [ ROUTE ] array (
  'type' => 'module',
  'module' => 
  array (
    0 => 'index',
    1 => 'Information',
    2 => 'information',
  ),
)
[ info ] [ HEADER ] array (
  'host' => 'www.weiyufei.com',
  'connection' => 'keep-alive',
  'cache-control' => 'max-age=0',
  'upgrade-insecure-requests' => '1',
  'user-agent' => 'Mozilla/5.0 (Windows NT 6.1; WOW64) AppleWebKit/537.36 (KHTML, like Gecko) Chrome/60.0.3112.90 Safari/537.36',
  'accept' => 'text/html,application/xhtml+xml,application/xml;q=0.9,image/webp,image/apng,*/*;q=0.8',
  'referer' => 'http://www.weiyufei.com/index/center/center',
  'accept-encoding' => 'gzip, deflate',
  'accept-language' => 'zh-CN,zh;q=0.8',
  'cookie' => 'PHPSESSID=qsetlm2u4t9c03ulqe6deqo0f7',
)
[ info ] [ PARAM ] array (
)
[ info ] [ DB ] INIT mysql
[ info ] [ RUN ] app\index\controller\Information->information[ D:\wei2017\wamp64\www\shop\app\index\controller\Information.php ]
[ info ] [ SESSION ] INIT array (
  'id' => '',
  'var_session_id' => '',
  'prefix' => 'think',
  'type' => '',
  'auto_start' => true,
)
[ info ] [ LOG ] INIT File
[ sql ] [ DB ] CONNECT:[ UseTime:0.002001s ] mysql:host=127.0.0.1;dbname=shop;charset=utf8
[ sql ] [ SQL ] SHOW COLUMNS FROM `shop_user` [ RunTime:0.001000s ]
[ sql ] [ SQL ] SELECT * FROM `shop_user` WHERE  `username` = '18397646259' LIMIT 1 [ RunTime:0.001000s ]
[ error ] [0]致命错误: Call to undefined function app\index\controller\dunp()[D:\wei2017\wamp64\www\shop\app\index\controller\Information.php:25]
---------------------------------------------------------------
[ 2017-10-23T21:11:11+08:00 ] ::1 ::1 GET /index/Information/information.html
[ info ] www.weiyufei.com/index/Information/information.html [运行时间：0.083005s][吞吐率：12.05req/s] [内存消耗：3,634.27kb] [文件加载：55]
[ info ] [ LANG ] D:\wei2017\wamp64\www\shop\thinkphp\lang\zh-cn.php
[ info ] [ ROUTE ] array (
  'type' => 'module',
  'module' => 
  array (
    0 => 'index',
    1 => 'Information',
    2 => 'information',
  ),
)
[ info ] [ HEADER ] array (
  'host' => 'www.weiyufei.com',
  'connection' => 'keep-alive',
  'cache-control' => 'max-age=0',
  'upgrade-insecure-requests' => '1',
  'user-agent' => 'Mozilla/5.0 (Windows NT 6.1; WOW64) AppleWebKit/537.36 (KHTML, like Gecko) Chrome/60.0.3112.90 Safari/537.36',
  'accept' => 'text/html,application/xhtml+xml,application/xml;q=0.9,image/webp,image/apng,*/*;q=0.8',
  'referer' => 'http://www.weiyufei.com/index/center/center',
  'accept-encoding' => 'gzip, deflate',
  'accept-language' => 'zh-CN,zh;q=0.8',
  'cookie' => 'PHPSESSID=qsetlm2u4t9c03ulqe6deqo0f7',
)
[ info ] [ PARAM ] array (
)
[ info ] [ DB ] INIT mysql
[ info ] [ RUN ] app\index\controller\Information->information[ D:\wei2017\wamp64\www\shop\app\index\controller\Information.php ]
[ info ] [ SESSION ] INIT array (
  'id' => '',
  'var_session_id' => '',
  'prefix' => 'think',
  'type' => '',
  'auto_start' => true,
)
[ info ] [ VIEW ] D:\wei2017\wamp64\www\shop\public/../app/index\view\information.html [ array (
  0 => 'gold',
) ]
[ info ] [ LOG ] INIT File
[ sql ] [ DB ] CONNECT:[ UseTime:0.003000s ] mysql:host=127.0.0.1;dbname=shop;charset=utf8
[ sql ] [ SQL ] SHOW COLUMNS FROM `shop_user` [ RunTime:0.003001s ]
[ sql ] [ SQL ] SELECT * FROM `shop_user` WHERE  `username` = '18397646259' LIMIT 1 [ RunTime:0.001000s ]
---------------------------------------------------------------
[ 2017-10-23T21:11:55+08:00 ] ::1 ::1 GET /index/Information/information.html
[ info ] www.weiyufei.com/index/Information/information.html [运行时间：0.075005s][吞吐率：13.33req/s] [内存消耗：3,634.27kb] [文件加载：55]
[ info ] [ LANG ] D:\wei2017\wamp64\www\shop\thinkphp\lang\zh-cn.php
[ info ] [ ROUTE ] array (
  'type' => 'module',
  'module' => 
  array (
    0 => 'index',
    1 => 'Information',
    2 => 'information',
  ),
)
[ info ] [ HEADER ] array (
  'host' => 'www.weiyufei.com',
  'connection' => 'keep-alive',
  'cache-control' => 'max-age=0',
  'upgrade-insecure-requests' => '1',
  'user-agent' => 'Mozilla/5.0 (Windows NT 6.1; WOW64) AppleWebKit/537.36 (KHTML, like Gecko) Chrome/60.0.3112.90 Safari/537.36',
  'accept' => 'text/html,application/xhtml+xml,application/xml;q=0.9,image/webp,image/apng,*/*;q=0.8',
  'referer' => 'http://www.weiyufei.com/index/center/center',
  'accept-encoding' => 'gzip, deflate',
  'accept-language' => 'zh-CN,zh;q=0.8',
  'cookie' => 'PHPSESSID=qsetlm2u4t9c03ulqe6deqo0f7',
)
[ info ] [ PARAM ] array (
)
[ info ] [ DB ] INIT mysql
[ info ] [ RUN ] app\index\controller\Information->information[ D:\wei2017\wamp64\www\shop\app\index\controller\Information.php ]
[ info ] [ SESSION ] INIT array (
  'id' => '',
  'var_session_id' => '',
  'prefix' => 'think',
  'type' => '',
  'auto_start' => true,
)
[ info ] [ VIEW ] D:\wei2017\wamp64\www\shop\public/../app/index\view\information.html [ array (
  0 => 'gold',
) ]
[ info ] [ LOG ] INIT File
[ sql ] [ DB ] CONNECT:[ UseTime:0.003000s ] mysql:host=127.0.0.1;dbname=shop;charset=utf8
[ sql ] [ SQL ] SHOW COLUMNS FROM `shop_user` [ RunTime:0.001000s ]
[ sql ] [ SQL ] SELECT * FROM `shop_user` WHERE  `username` = '18397646259' LIMIT 1 [ RunTime:0.001000s ]
---------------------------------------------------------------
[ 2017-10-23T21:15:11+08:00 ] ::1 ::1 GET /index/Information/information.html
[ info ] www.weiyufei.com/index/Information/information.html [运行时间：0.072004s][吞吐率：13.89req/s] [内存消耗：3,685.92kb] [文件加载：58]
[ info ] [ LANG ] D:\wei2017\wamp64\www\shop\thinkphp\lang\zh-cn.php
[ info ] [ ROUTE ] array (
  'type' => 'module',
  'module' => 
  array (
    0 => 'index',
    1 => 'Information',
    2 => 'information',
  ),
)
[ info ] [ HEADER ] array (
  'host' => 'www.weiyufei.com',
  'connection' => 'keep-alive',
  'cache-control' => 'max-age=0',
  'upgrade-insecure-requests' => '1',
  'user-agent' => 'Mozilla/5.0 (Windows NT 6.1; WOW64) AppleWebKit/537.36 (KHTML, like Gecko) Chrome/60.0.3112.90 Safari/537.36',
  'accept' => 'text/html,application/xhtml+xml,application/xml;q=0.9,image/webp,image/apng,*/*;q=0.8',
  'referer' => 'http://www.weiyufei.com/index/center/center',
  'accept-encoding' => 'gzip, deflate',
  'accept-language' => 'zh-CN,zh;q=0.8',
  'cookie' => 'PHPSESSID=qsetlm2u4t9c03ulqe6deqo0f7',
)
[ info ] [ PARAM ] array (
)
[ info ] [ DB ] INIT mysql
[ info ] [ RUN ] app\index\controller\Information->information[ D:\wei2017\wamp64\www\shop\app\index\controller\Information.php ]
[ info ] [ SESSION ] INIT array (
  'id' => '',
  'var_session_id' => '',
  'prefix' => 'think',
  'type' => '',
  'auto_start' => true,
)
[ info ] [ LOG ] INIT File
[ sql ] [ DB ] CONNECT:[ UseTime:0.001000s ] mysql:host=127.0.0.1;dbname=shop;charset=utf8
[ sql ] [ SQL ] SHOW COLUMNS FROM `shop_user` [ RunTime:0.001000s ]
[ sql ] [ SQL ] SELECT * FROM `shop_user` WHERE  `username` = '18397646259' LIMIT 1 [ RunTime:0.000000s ]
[ error ] [2]Illegal string offset 'picture'[D:\wei2017\wamp64\www\shop\app\index\controller\Information.php:33]
---------------------------------------------------------------
[ 2017-10-23T21:15:34+08:00 ] ::1 ::1 GET /index/Information/information.html
[ info ] www.weiyufei.com/index/Information/information.html [运行时间：0.077005s][吞吐率：12.99req/s] [内存消耗：3,685.92kb] [文件加载：58]
[ info ] [ LANG ] D:\wei2017\wamp64\www\shop\thinkphp\lang\zh-cn.php
[ info ] [ ROUTE ] array (
  'type' => 'module',
  'module' => 
  array (
    0 => 'index',
    1 => 'Information',
    2 => 'information',
  ),
)
[ info ] [ HEADER ] array (
  'host' => 'www.weiyufei.com',
  'connection' => 'keep-alive',
  'cache-control' => 'max-age=0',
  'upgrade-insecure-requests' => '1',
  'user-agent' => 'Mozilla/5.0 (Windows NT 6.1; WOW64) AppleWebKit/537.36 (KHTML, like Gecko) Chrome/60.0.3112.90 Safari/537.36',
  'accept' => 'text/html,application/xhtml+xml,application/xml;q=0.9,image/webp,image/apng,*/*;q=0.8',
  'referer' => 'http://www.weiyufei.com/index/center/center',
  'accept-encoding' => 'gzip, deflate',
  'accept-language' => 'zh-CN,zh;q=0.8',
  'cookie' => 'PHPSESSID=qsetlm2u4t9c03ulqe6deqo0f7',
)
[ info ] [ PARAM ] array (
)
[ info ] [ DB ] INIT mysql
[ info ] [ RUN ] app\index\controller\Information->information[ D:\wei2017\wamp64\www\shop\app\index\controller\Information.php ]
[ info ] [ SESSION ] INIT array (
  'id' => '',
  'var_session_id' => '',
  'prefix' => 'think',
  'type' => '',
  'auto_start' => true,
)
[ info ] [ LOG ] INIT File
[ sql ] [ DB ] CONNECT:[ UseTime:0.010001s ] mysql:host=127.0.0.1;dbname=shop;charset=utf8
[ sql ] [ SQL ] SHOW COLUMNS FROM `shop_user` [ RunTime:0.001000s ]
[ sql ] [ SQL ] SELECT * FROM `shop_user` WHERE  `username` = '18397646259' LIMIT 1 [ RunTime:0.001000s ]
[ error ] [2]Illegal string offset 'picture'[D:\wei2017\wamp64\www\shop\app\index\controller\Information.php:33]
---------------------------------------------------------------
[ 2017-10-23T21:16:20+08:00 ] ::1 ::1 GET /index/Information/information.html
[ info ] www.weiyufei.com/index/Information/information.html [运行时间：0.073004s][吞吐率：13.70req/s] [内存消耗：3,685.92kb] [文件加载：58]
[ info ] [ LANG ] D:\wei2017\wamp64\www\shop\thinkphp\lang\zh-cn.php
[ info ] [ ROUTE ] array (
  'type' => 'module',
  'module' => 
  array (
    0 => 'index',
    1 => 'Information',
    2 => 'information',
  ),
)
[ info ] [ HEADER ] array (
  'host' => 'www.weiyufei.com',
  'connection' => 'keep-alive',
  'cache-control' => 'max-age=0',
  'upgrade-insecure-requests' => '1',
  'user-agent' => 'Mozilla/5.0 (Windows NT 6.1; WOW64) AppleWebKit/537.36 (KHTML, like Gecko) Chrome/60.0.3112.90 Safari/537.36',
  'accept' => 'text/html,application/xhtml+xml,application/xml;q=0.9,image/webp,image/apng,*/*;q=0.8',
  'referer' => 'http://www.weiyufei.com/index/center/center',
  'accept-encoding' => 'gzip, deflate',
  'accept-language' => 'zh-CN,zh;q=0.8',
  'cookie' => 'PHPSESSID=qsetlm2u4t9c03ulqe6deqo0f7',
)
[ info ] [ PARAM ] array (
)
[ info ] [ DB ] INIT mysql
[ info ] [ RUN ] app\index\controller\Information->information[ D:\wei2017\wamp64\www\shop\app\index\controller\Information.php ]
[ info ] [ SESSION ] INIT array (
  'id' => '',
  'var_session_id' => '',
  'prefix' => 'think',
  'type' => '',
  'auto_start' => true,
)
[ info ] [ LOG ] INIT File
[ sql ] [ DB ] CONNECT:[ UseTime:0.001001s ] mysql:host=127.0.0.1;dbname=shop;charset=utf8
[ sql ] [ SQL ] SHOW COLUMNS FROM `shop_user` [ RunTime:0.001000s ]
[ sql ] [ SQL ] SELECT * FROM `shop_user` WHERE  `username` = '18397646259' LIMIT 1 [ RunTime:0.001000s ]
[ error ] [2]Illegal string offset 'picture'[D:\wei2017\wamp64\www\shop\app\index\controller\Information.php:33]
---------------------------------------------------------------
[ 2017-10-23T21:16:43+08:00 ] ::1 ::1 GET /index/Information/information.html
[ info ] www.weiyufei.com/index/Information/information.html [运行时间：0.074004s][吞吐率：13.51req/s] [内存消耗：3,831.73kb] [文件加载：57]
[ info ] [ LANG ] D:\wei2017\wamp64\www\shop\thinkphp\lang\zh-cn.php
[ info ] [ ROUTE ] array (
  'type' => 'module',
  'module' => 
  array (
    0 => 'index',
    1 => 'Information',
    2 => 'information',
  ),
)
[ info ] [ HEADER ] array (
  'host' => 'www.weiyufei.com',
  'connection' => 'keep-alive',
  'cache-control' => 'max-age=0',
  'upgrade-insecure-requests' => '1',
  'user-agent' => 'Mozilla/5.0 (Windows NT 6.1; WOW64) AppleWebKit/537.36 (KHTML, like Gecko) Chrome/60.0.3112.90 Safari/537.36',
  'accept' => 'text/html,application/xhtml+xml,application/xml;q=0.9,image/webp,image/apng,*/*;q=0.8',
  'referer' => 'http://www.weiyufei.com/index/center/center',
  'accept-encoding' => 'gzip, deflate',
  'accept-language' => 'zh-CN,zh;q=0.8',
  'cookie' => 'PHPSESSID=qsetlm2u4t9c03ulqe6deqo0f7',
)
[ info ] [ PARAM ] array (
)
[ info ] [ DB ] INIT mysql
[ info ] [ RUN ] app\index\controller\Information->information[ D:\wei2017\wamp64\www\shop\app\index\controller\Information.php ]
[ info ] [ SESSION ] INIT array (
  'id' => '',
  'var_session_id' => '',
  'prefix' => 'think',
  'type' => '',
  'auto_start' => true,
)
[ info ] [ VIEW ] D:\wei2017\wamp64\www\shop\public/../app/index\view\information.html [ array (
  0 => 'gold',
  1 => 'pic',
) ]
[ info ] [ LOG ] INIT File
[ sql ] [ DB ] CONNECT:[ UseTime:0.001000s ] mysql:host=127.0.0.1;dbname=shop;charset=utf8
[ sql ] [ SQL ] SHOW COLUMNS FROM `shop_user` [ RunTime:0.002001s ]
[ sql ] [ SQL ] SELECT * FROM `shop_user` WHERE  `username` = '18397646259' LIMIT 1 [ RunTime:0.004000s ]
---------------------------------------------------------------
[ 2017-10-23T21:18:13+08:00 ] ::1 ::1 GET /index/Information/information.html
[ info ] www.weiyufei.com/index/Information/information.html [运行时间：0.066003s][吞吐率：15.15req/s] [内存消耗：3,831.77kb] [文件加载：57]
[ info ] [ LANG ] D:\wei2017\wamp64\www\shop\thinkphp\lang\zh-cn.php
[ info ] [ ROUTE ] array (
  'type' => 'module',
  'module' => 
  array (
    0 => 'index',
    1 => 'Information',
    2 => 'information',
  ),
)
[ info ] [ HEADER ] array (
  'host' => 'www.weiyufei.com',
  'connection' => 'keep-alive',
  'cache-control' => 'max-age=0',
  'upgrade-insecure-requests' => '1',
  'user-agent' => 'Mozilla/5.0 (Windows NT 6.1; WOW64) AppleWebKit/537.36 (KHTML, like Gecko) Chrome/60.0.3112.90 Safari/537.36',
  'accept' => 'text/html,application/xhtml+xml,application/xml;q=0.9,image/webp,image/apng,*/*;q=0.8',
  'referer' => 'http://www.weiyufei.com/index/center/center',
  'accept-encoding' => 'gzip, deflate',
  'accept-language' => 'zh-CN,zh;q=0.8',
  'cookie' => 'PHPSESSID=qsetlm2u4t9c03ulqe6deqo0f7',
)
[ info ] [ PARAM ] array (
)
[ info ] [ DB ] INIT mysql
[ info ] [ RUN ] app\index\controller\Information->information[ D:\wei2017\wamp64\www\shop\app\index\controller\Information.php ]
[ info ] [ SESSION ] INIT array (
  'id' => '',
  'var_session_id' => '',
  'prefix' => 'think',
  'type' => '',
  'auto_start' => true,
)
[ info ] [ VIEW ] D:\wei2017\wamp64\www\shop\public/../app/index\view\information.html [ array (
  0 => 'gold',
  1 => 'pic',
) ]
[ info ] [ LOG ] INIT File
[ sql ] [ DB ] CONNECT:[ UseTime:0.001000s ] mysql:host=127.0.0.1;dbname=shop;charset=utf8
[ sql ] [ SQL ] SHOW COLUMNS FROM `shop_user` [ RunTime:0.002000s ]
[ sql ] [ SQL ] SELECT * FROM `shop_user` WHERE  `username` = '18397646259' LIMIT 1 [ RunTime:0.000000s ]
---------------------------------------------------------------
[ 2017-10-23T21:20:39+08:00 ] ::1 ::1 GET /index/Information/information.html
[ info ] www.weiyufei.com/index/Information/information.html [运行时间：0.078005s][吞吐率：12.82req/s] [内存消耗：3,831.30kb] [文件加载：57]
[ info ] [ LANG ] D:\wei2017\wamp64\www\shop\thinkphp\lang\zh-cn.php
[ info ] [ ROUTE ] array (
  'type' => 'module',
  'module' => 
  array (
    0 => 'index',
    1 => 'Information',
    2 => 'information',
  ),
)
[ info ] [ HEADER ] array (
  'host' => 'www.weiyufei.com',
  'connection' => 'keep-alive',
  'cache-control' => 'max-age=0',
  'upgrade-insecure-requests' => '1',
  'user-agent' => 'Mozilla/5.0 (Windows NT 6.1; WOW64) AppleWebKit/537.36 (KHTML, like Gecko) Chrome/60.0.3112.90 Safari/537.36',
  'accept' => 'text/html,application/xhtml+xml,application/xml;q=0.9,image/webp,image/apng,*/*;q=0.8',
  'referer' => 'http://www.weiyufei.com/index/center/center',
  'accept-encoding' => 'gzip, deflate',
  'accept-language' => 'zh-CN,zh;q=0.8',
  'cookie' => 'PHPSESSID=qsetlm2u4t9c03ulqe6deqo0f7',
)
[ info ] [ PARAM ] array (
)
[ info ] [ DB ] INIT mysql
[ info ] [ RUN ] app\index\controller\Information->information[ D:\wei2017\wamp64\www\shop\app\index\controller\Information.php ]
[ info ] [ SESSION ] INIT array (
  'id' => '',
  'var_session_id' => '',
  'prefix' => 'think',
  'type' => '',
  'auto_start' => true,
)
[ info ] [ VIEW ] D:\wei2017\wamp64\www\shop\public/../app/index\view\information.html [ array (
  0 => 'gold',
  1 => 'pic',
  2 => 'username',
) ]
[ info ] [ LOG ] INIT File
[ sql ] [ DB ] CONNECT:[ UseTime:0.000000s ] mysql:host=127.0.0.1;dbname=shop;charset=utf8
[ sql ] [ SQL ] SHOW COLUMNS FROM `shop_user` [ RunTime:0.002000s ]
[ sql ] [ SQL ] SELECT * FROM `shop_user` WHERE  `username` = '18397646259' LIMIT 1 [ RunTime:0.000000s ]
