---------------------------------------------------------------
[ 2017-10-30T09:18:52+08:00 ] 127.0.0.1 127.0.0.1 GET /
[ info ] shop.com/ [运行时间：0.569033s][吞吐率：1.76req/s] [内存消耗：5,558.54kb] [文件加载：71]
[ info ] [ LANG ] C:\wamp64\www\my_obj\shop\thinkphp\lang\zh-cn.php
[ info ] [ ROUTE ] array (
  'type' => 'module',
  'module' => 
  array (
    0 => '',
    1 => NULL,
    2 => NULL,
  ),
)
[ info ] [ HEADER ] array (
  'host' => 'shop.com',
  'connection' => 'keep-alive',
  'user-agent' => 'Mozilla/5.0 (Windows NT 6.1; WOW64) AppleWebKit/537.36 (KHTML, like Gecko) Chrome/61.0.3163.100 Safari/537.36',
  'upgrade-insecure-requests' => '1',
  'accept' => 'text/html,application/xhtml+xml,application/xml;q=0.9,image/webp,image/apng,*/*;q=0.8',
  'accept-encoding' => 'gzip, deflate',
  'accept-language' => 'zh-CN,zh;q=0.8',
  'cookie' => 'pgv_pvi=3878193152; password=1; PHPSESSID=snphp23s0mv9sf40p23p74d3t0',
)
[ info ] [ PARAM ] array (
)
[ info ] [ DB ] INIT mysql
[ info ] [ RUN ] app\index\controller\Index->index[ C:\wamp64\www\my_obj\shop\app\index\controller\Index.php ]
[ info ] [ SESSION ] INIT array (
  'id' => '',
  'var_session_id' => '',
  'prefix' => 'think',
  'type' => '',
  'auto_start' => true,
)
[ info ] [ VIEW ] C:\wamp64\www\my_obj\shop\public/../app/index\view\index.html [ array (
  0 => 'res_site',
  1 => 'res_menu',
  2 => 'res_figure',
  3 => 'res_good',
  4 => 'res_seckill',
  5 => 'res_user',
) ]
[ info ] [ LOG ] INIT File
[ sql ] [ DB ] CONNECT:[ UseTime:0.002000s ] mysql:host=127.0.0.1;dbname=shop;charset=utf8
[ sql ] [ SQL ] SHOW COLUMNS FROM `shop_site` [ RunTime:0.005000s ]
[ sql ] [ SQL ] SELECT * FROM `shop_site` WHERE (  `sid` = 1 ) AND `shop_site`.`delete_time` IS NULL LIMIT 1 [ RunTime:0.001000s ]
[ sql ] [ SQL ] SHOW COLUMNS FROM `shop_menu` [ RunTime:0.005001s ]
[ sql ] [ SQL ] SELECT * FROM `shop_menu` WHERE `shop_menu`.`delete_time` IS NULL [ RunTime:0.000000s ]
[ sql ] [ SQL ] SHOW COLUMNS FROM `shop_figure` [ RunTime:0.003000s ]
[ sql ] [ SQL ] SELECT * FROM `shop_figure` WHERE `shop_figure`.`delete_time` IS NULL [ RunTime:0.000000s ]
[ sql ] [ SQL ] SHOW COLUMNS FROM `shop_good` [ RunTime:0.005001s ]
[ sql ] [ SQL ] SELECT * FROM `shop_good` WHERE (  `is_recommend` = 1 ) AND `shop_good`.`delete_time` IS NULL LIMIT 3 [ RunTime:0.001000s ]
[ sql ] [ SQL ] SELECT * FROM `shop_good` WHERE (  `is_seckill` = 1 ) AND `shop_good`.`delete_time` IS NULL LIMIT 4 [ RunTime:0.003000s ]
[ sql ] [ SQL ] SHOW COLUMNS FROM `shop_user` [ RunTime:0.005000s ]
[ sql ] [ SQL ] SELECT * FROM `shop_user` WHERE  `username` = 'eq' LIMIT 1 [ RunTime:0.000000s ]
[ sql ] [ SQL ] SHOW COLUMNS FROM `shop_sort` [ RunTime:0.006000s ]
[ sql ] [ SQL ] SELECT * FROM `shop_sort` WHERE (  `menu_id` = 1 ) AND `shop_sort`.`delete_time` IS NULL [ RunTime:0.001000s ]
[ sql ] [ SQL ] SELECT * FROM `shop_sort` WHERE (  `menu_id` = 2 ) AND `shop_sort`.`delete_time` IS NULL [ RunTime:0.002000s ]
[ sql ] [ SQL ] SELECT * FROM `shop_sort` WHERE (  `menu_id` = 3 ) AND `shop_sort`.`delete_time` IS NULL [ RunTime:0.001000s ]
[ sql ] [ SQL ] SELECT * FROM `shop_sort` WHERE (  `menu_id` = 4 ) AND `shop_sort`.`delete_time` IS NULL [ RunTime:0.002001s ]
[ sql ] [ SQL ] SELECT * FROM `shop_sort` WHERE (  `menu_id` = 5 ) AND `shop_sort`.`delete_time` IS NULL [ RunTime:0.002000s ]
[ sql ] [ SQL ] SELECT * FROM `shop_sort` WHERE (  `menu_id` = 6 ) AND `shop_sort`.`delete_time` IS NULL [ RunTime:0.001000s ]
[ sql ] [ SQL ] SELECT * FROM `shop_sort` WHERE (  `menu_id` = 7 ) AND `shop_sort`.`delete_time` IS NULL [ RunTime:0.002001s ]
[ sql ] [ SQL ] SELECT * FROM `shop_sort` WHERE (  `menu_id` = 8 ) AND `shop_sort`.`delete_time` IS NULL [ RunTime:0.001000s ]
[ sql ] [ SQL ] SELECT * FROM `shop_sort` WHERE (  `menu_id` = 9 ) AND `shop_sort`.`delete_time` IS NULL [ RunTime:0.001000s ]
[ sql ] [ SQL ] SELECT * FROM `shop_sort` WHERE (  `menu_id` = 10 ) AND `shop_sort`.`delete_time` IS NULL [ RunTime:0.001000s ]
[ sql ] [ SQL ] SHOW COLUMNS FROM `shop_picture` [ RunTime:0.004000s ]
[ sql ] [ SQL ] SELECT * FROM `shop_picture` WHERE (  `good_id` = 1 ) AND `shop_picture`.`delete_time` IS NULL LIMIT 1 [ RunTime:0.001000s ]
[ sql ] [ SQL ] SELECT * FROM `shop_picture` WHERE (  `good_id` = 2 ) AND `shop_picture`.`delete_time` IS NULL LIMIT 1 [ RunTime:0.000000s ]
[ sql ] [ SQL ] SELECT * FROM `shop_picture` WHERE (  `good_id` = 3 ) AND `shop_picture`.`delete_time` IS NULL LIMIT 1 [ RunTime:0.001000s ]
[ sql ] [ SQL ] SELECT * FROM `shop_picture` WHERE (  `good_id` = 1 ) AND `shop_picture`.`delete_time` IS NULL LIMIT 1 [ RunTime:0.001001s ]
[ sql ] [ SQL ] SELECT * FROM `shop_picture` WHERE (  `good_id` = 4 ) AND `shop_picture`.`delete_time` IS NULL LIMIT 1 [ RunTime:0.001000s ]
[ sql ] [ SQL ] SELECT * FROM `shop_picture` WHERE (  `good_id` = 5 ) AND `shop_picture`.`delete_time` IS NULL LIMIT 1 [ RunTime:0.001000s ]
[ sql ] [ SQL ] SELECT * FROM `shop_picture` WHERE (  `good_id` = 7 ) AND `shop_picture`.`delete_time` IS NULL LIMIT 1 [ RunTime:0.001000s ]
[ sql ] [ SQL ] SELECT * FROM `shop_good` WHERE (  `sort_id` = 1 ) AND `shop_good`.`delete_time` IS NULL [ RunTime:0.000000s ]
[ sql ] [ SQL ] SELECT * FROM `shop_picture` WHERE (  `good_id` = 1 ) AND `shop_picture`.`delete_time` IS NULL LIMIT 1 [ RunTime:0.001000s ]
[ sql ] [ SQL ] SELECT * FROM `shop_picture` WHERE (  `good_id` = 2 ) AND `shop_picture`.`delete_time` IS NULL LIMIT 1 [ RunTime:0.002000s ]
[ sql ] [ SQL ] SELECT * FROM `shop_picture` WHERE (  `good_id` = 3 ) AND `shop_picture`.`delete_time` IS NULL LIMIT 1 [ RunTime:0.001000s ]
[ sql ] [ SQL ] SELECT * FROM `shop_picture` WHERE (  `good_id` = 4 ) AND `shop_picture`.`delete_time` IS NULL LIMIT 1 [ RunTime:0.002000s ]
[ sql ] [ SQL ] SELECT * FROM `shop_picture` WHERE (  `good_id` = 5 ) AND `shop_picture`.`delete_time` IS NULL LIMIT 1 [ RunTime:0.001000s ]
[ sql ] [ SQL ] SELECT * FROM `shop_picture` WHERE (  `good_id` = 6 ) AND `shop_picture`.`delete_time` IS NULL LIMIT 1 [ RunTime:0.002000s ]
[ sql ] [ SQL ] SELECT * FROM `shop_good` WHERE (  `sort_id` = 8 ) AND `shop_good`.`delete_time` IS NULL [ RunTime:0.002000s ]
[ sql ] [ SQL ] SELECT * FROM `shop_picture` WHERE (  `good_id` = 9 ) AND `shop_picture`.`delete_time` IS NULL LIMIT 1 [ RunTime:0.001001s ]
[ sql ] [ SQL ] SELECT * FROM `shop_picture` WHERE (  `good_id` = 10 ) AND `shop_picture`.`delete_time` IS NULL LIMIT 1 [ RunTime:0.001000s ]
[ sql ] [ SQL ] SELECT * FROM `shop_picture` WHERE (  `good_id` = 11 ) AND `shop_picture`.`delete_time` IS NULL LIMIT 1 [ RunTime:0.002000s ]
[ sql ] [ SQL ] SELECT * FROM `shop_picture` WHERE (  `good_id` = 12 ) AND `shop_picture`.`delete_time` IS NULL LIMIT 1 [ RunTime:0.001000s ]
[ sql ] [ SQL ] SELECT * FROM `shop_picture` WHERE (  `good_id` = 13 ) AND `shop_picture`.`delete_time` IS NULL LIMIT 1 [ RunTime:0.001000s ]
[ sql ] [ SQL ] SELECT * FROM `shop_picture` WHERE (  `good_id` = 14 ) AND `shop_picture`.`delete_time` IS NULL LIMIT 1 [ RunTime:0.003001s ]
[ sql ] [ SQL ] SELECT * FROM `shop_good` WHERE (  `sort_id` = 9 ) AND `shop_good`.`delete_time` IS NULL [ RunTime:0.002000s ]
[ sql ] [ SQL ] SELECT * FROM `shop_picture` WHERE (  `good_id` = 17 ) AND `shop_picture`.`delete_time` IS NULL LIMIT 1 [ RunTime:0.001000s ]
[ sql ] [ SQL ] SELECT * FROM `shop_picture` WHERE (  `good_id` = 18 ) AND `shop_picture`.`delete_time` IS NULL LIMIT 1 [ RunTime:0.001000s ]
[ sql ] [ SQL ] SELECT * FROM `shop_picture` WHERE (  `good_id` = 19 ) AND `shop_picture`.`delete_time` IS NULL LIMIT 1 [ RunTime:0.001000s ]
[ sql ] [ SQL ] SELECT * FROM `shop_picture` WHERE (  `good_id` = 20 ) AND `shop_picture`.`delete_time` IS NULL LIMIT 1 [ RunTime:0.001000s ]
[ sql ] [ SQL ] SELECT * FROM `shop_picture` WHERE (  `good_id` = 21 ) AND `shop_picture`.`delete_time` IS NULL LIMIT 1 [ RunTime:0.001000s ]
[ sql ] [ SQL ] SELECT * FROM `shop_picture` WHERE (  `good_id` = 22 ) AND `shop_picture`.`delete_time` IS NULL LIMIT 1 [ RunTime:0.002000s ]
[ sql ] [ SQL ] SELECT * FROM `shop_good` WHERE (  `sort_id` = 10 ) AND `shop_good`.`delete_time` IS NULL [ RunTime:0.001000s ]
[ sql ] [ SQL ] SELECT * FROM `shop_picture` WHERE (  `good_id` = 25 ) AND `shop_picture`.`delete_time` IS NULL LIMIT 1 [ RunTime:0.003000s ]
[ sql ] [ SQL ] SELECT * FROM `shop_picture` WHERE (  `good_id` = 26 ) AND `shop_picture`.`delete_time` IS NULL LIMIT 1 [ RunTime:0.001000s ]
[ sql ] [ SQL ] SELECT * FROM `shop_picture` WHERE (  `good_id` = 27 ) AND `shop_picture`.`delete_time` IS NULL LIMIT 1 [ RunTime:0.001001s ]
[ sql ] [ SQL ] SELECT * FROM `shop_picture` WHERE (  `good_id` = 28 ) AND `shop_picture`.`delete_time` IS NULL LIMIT 1 [ RunTime:0.000000s ]
[ sql ] [ SQL ] SELECT * FROM `shop_picture` WHERE (  `good_id` = 29 ) AND `shop_picture`.`delete_time` IS NULL LIMIT 1 [ RunTime:0.001000s ]
[ sql ] [ SQL ] SELECT * FROM `shop_picture` WHERE (  `good_id` = 30 ) AND `shop_picture`.`delete_time` IS NULL LIMIT 1 [ RunTime:0.001000s ]
[ sql ] [ SQL ] SELECT * FROM `shop_good` WHERE (  `sort_id` = 11 ) AND `shop_good`.`delete_time` IS NULL [ RunTime:0.001000s ]
[ sql ] [ SQL ] SELECT * FROM `shop_picture` WHERE (  `good_id` = 35 ) AND `shop_picture`.`delete_time` IS NULL LIMIT 1 [ RunTime:0.000000s ]
[ sql ] [ SQL ] SELECT * FROM `shop_picture` WHERE (  `good_id` = 36 ) AND `shop_picture`.`delete_time` IS NULL LIMIT 1 [ RunTime:0.001000s ]
[ sql ] [ SQL ] SELECT * FROM `shop_picture` WHERE (  `good_id` = 37 ) AND `shop_picture`.`delete_time` IS NULL LIMIT 1 [ RunTime:0.000000s ]
[ sql ] [ SQL ] SELECT * FROM `shop_picture` WHERE (  `good_id` = 38 ) AND `shop_picture`.`delete_time` IS NULL LIMIT 1 [ RunTime:0.001000s ]
[ sql ] [ SQL ] SELECT * FROM `shop_picture` WHERE (  `good_id` = 39 ) AND `shop_picture`.`delete_time` IS NULL LIMIT 1 [ RunTime:0.000000s ]
[ sql ] [ SQL ] SELECT * FROM `shop_picture` WHERE (  `good_id` = 40 ) AND `shop_picture`.`delete_time` IS NULL LIMIT 1 [ RunTime:0.000000s ]
[ sql ] [ SQL ] SELECT * FROM `shop_good` WHERE (  `sort_id` = 12 ) AND `shop_good`.`delete_time` IS NULL [ RunTime:0.001000s ]
[ sql ] [ SQL ] SELECT * FROM `shop_picture` WHERE (  `good_id` = 41 ) AND `shop_picture`.`delete_time` IS NULL LIMIT 1 [ RunTime:0.001000s ]
[ sql ] [ SQL ] SELECT * FROM `shop_picture` WHERE (  `good_id` = 42 ) AND `shop_picture`.`delete_time` IS NULL LIMIT 1 [ RunTime:0.001000s ]
[ sql ] [ SQL ] SELECT * FROM `shop_picture` WHERE (  `good_id` = 43 ) AND `shop_picture`.`delete_time` IS NULL LIMIT 1 [ RunTime:0.000000s ]
[ sql ] [ SQL ] SELECT * FROM `shop_picture` WHERE (  `good_id` = 44 ) AND `shop_picture`.`delete_time` IS NULL LIMIT 1 [ RunTime:0.001000s ]
[ sql ] [ SQL ] SELECT * FROM `shop_picture` WHERE (  `good_id` = 45 ) AND `shop_picture`.`delete_time` IS NULL LIMIT 1 [ RunTime:0.000000s ]
[ sql ] [ SQL ] SELECT * FROM `shop_picture` WHERE (  `good_id` = 46 ) AND `shop_picture`.`delete_time` IS NULL LIMIT 1 [ RunTime:0.001000s ]
[ sql ] [ SQL ] SELECT * FROM `shop_good` WHERE (  `sort_id` = 13 ) AND `shop_good`.`delete_time` IS NULL [ RunTime:0.001000s ]
[ sql ] [ SQL ] SELECT * FROM `shop_picture` WHERE (  `good_id` = 49 ) AND `shop_picture`.`delete_time` IS NULL LIMIT 1 [ RunTime:0.000000s ]
[ sql ] [ SQL ] SELECT * FROM `shop_picture` WHERE (  `good_id` = 50 ) AND `shop_picture`.`delete_time` IS NULL LIMIT 1 [ RunTime:0.001000s ]
[ sql ] [ SQL ] SELECT * FROM `shop_picture` WHERE (  `good_id` = 51 ) AND `shop_picture`.`delete_time` IS NULL LIMIT 1 [ RunTime:0.000000s ]
[ sql ] [ SQL ] SELECT * FROM `shop_picture` WHERE (  `good_id` = 52 ) AND `shop_picture`.`delete_time` IS NULL LIMIT 1 [ RunTime:0.001001s ]
[ sql ] [ SQL ] SELECT * FROM `shop_picture` WHERE (  `good_id` = 53 ) AND `shop_picture`.`delete_time` IS NULL LIMIT 1 [ RunTime:0.000000s ]
[ sql ] [ SQL ] SELECT * FROM `shop_picture` WHERE (  `good_id` = 54 ) AND `shop_picture`.`delete_time` IS NULL LIMIT 1 [ RunTime:0.001000s ]
[ sql ] [ SQL ] SELECT * FROM `shop_good` WHERE (  `sort_id` = 14 ) AND `shop_good`.`delete_time` IS NULL [ RunTime:0.001000s ]
[ sql ] [ SQL ] SELECT * FROM `shop_picture` WHERE (  `good_id` = 57 ) AND `shop_picture`.`delete_time` IS NULL LIMIT 1 [ RunTime:0.000000s ]
[ sql ] [ SQL ] SELECT * FROM `shop_picture` WHERE (  `good_id` = 58 ) AND `shop_picture`.`delete_time` IS NULL LIMIT 1 [ RunTime:0.001000s ]
[ sql ] [ SQL ] SELECT * FROM `shop_picture` WHERE (  `good_id` = 59 ) AND `shop_picture`.`delete_time` IS NULL LIMIT 1 [ RunTime:0.000000s ]
[ sql ] [ SQL ] SELECT * FROM `shop_picture` WHERE (  `good_id` = 60 ) AND `shop_picture`.`delete_time` IS NULL LIMIT 1 [ RunTime:0.001000s ]
[ sql ] [ SQL ] SELECT * FROM `shop_picture` WHERE (  `good_id` = 61 ) AND `shop_picture`.`delete_time` IS NULL LIMIT 1 [ RunTime:0.001000s ]
[ sql ] [ SQL ] SELECT * FROM `shop_picture` WHERE (  `good_id` = 62 ) AND `shop_picture`.`delete_time` IS NULL LIMIT 1 [ RunTime:0.001000s ]
[ sql ] [ SQL ] SELECT * FROM `shop_good` WHERE (  `sort_id` = 15 ) AND `shop_good`.`delete_time` IS NULL [ RunTime:0.001000s ]
[ sql ] [ SQL ] SELECT * FROM `shop_picture` WHERE (  `good_id` = 65 ) AND `shop_picture`.`delete_time` IS NULL LIMIT 1 [ RunTime:0.001001s ]
[ sql ] [ SQL ] SELECT * FROM `shop_picture` WHERE (  `good_id` = 66 ) AND `shop_picture`.`delete_time` IS NULL LIMIT 1 [ RunTime:0.001000s ]
[ sql ] [ SQL ] SELECT * FROM `shop_picture` WHERE (  `good_id` = 67 ) AND `shop_picture`.`delete_time` IS NULL LIMIT 1 [ RunTime:0.001000s ]
[ sql ] [ SQL ] SELECT * FROM `shop_picture` WHERE (  `good_id` = 68 ) AND `shop_picture`.`delete_time` IS NULL LIMIT 1 [ RunTime:0.000000s ]
[ sql ] [ SQL ] SELECT * FROM `shop_picture` WHERE (  `good_id` = 69 ) AND `shop_picture`.`delete_time` IS NULL LIMIT 1 [ RunTime:0.001000s ]
[ sql ] [ SQL ] SELECT * FROM `shop_picture` WHERE (  `good_id` = 70 ) AND `shop_picture`.`delete_time` IS NULL LIMIT 1 [ RunTime:0.001000s ]
[ sql ] [ SQL ] SELECT * FROM `shop_good` WHERE (  `sort_id` = 16 ) AND `shop_good`.`delete_time` IS NULL [ RunTime:0.001000s ]
[ sql ] [ SQL ] SELECT * FROM `shop_picture` WHERE (  `good_id` = 71 ) AND `shop_picture`.`delete_time` IS NULL LIMIT 1 [ RunTime:0.000000s ]
[ sql ] [ SQL ] SELECT * FROM `shop_picture` WHERE (  `good_id` = 72 ) AND `shop_picture`.`delete_time` IS NULL LIMIT 1 [ RunTime:0.001000s ]
[ sql ] [ SQL ] SELECT * FROM `shop_picture` WHERE (  `good_id` = 73 ) AND `shop_picture`.`delete_time` IS NULL LIMIT 1 [ RunTime:0.000000s ]
[ sql ] [ SQL ] SELECT * FROM `shop_picture` WHERE (  `good_id` = 74 ) AND `shop_picture`.`delete_time` IS NULL LIMIT 1 [ RunTime:0.001000s ]
[ sql ] [ SQL ] SELECT * FROM `shop_picture` WHERE (  `good_id` = 75 ) AND `shop_picture`.`delete_time` IS NULL LIMIT 1 [ RunTime:0.001000s ]
[ sql ] [ SQL ] SELECT * FROM `shop_picture` WHERE (  `good_id` = 76 ) AND `shop_picture`.`delete_time` IS NULL LIMIT 1 [ RunTime:0.001000s ]
